BTC bought at 29886.74 on 2023-08-01 20:15:31.545015
XTZ sold at 0.84875 on 2023-08-01 20:15:40.406882
BTC bought at 29886.74 on 2023-08-01 20:19:03.265445
BTC bought at 29886.74 on 2023-08-01 20:19:57.520440
AVAX bought at 12.92 on 2023-08-01 20:20:03.609478
BTC bought at 29915.895 on 2023-08-01 20:21:19.875088
SHIB bought at 8.45e-06 on 2023-08-01 20:21:22.022459
AVAX bought at 12.92 on 2023-08-01 20:21:26.352978
BTC bought at 29915.895 on 2023-08-01 20:23:01.065399
SHIB bought at 8.45e-06 on 2023-08-01 20:23:03.061625
AVAX bought at 12.92 on 2023-08-01 20:23:07.336282
BTC bought at 29912.225 on 2023-08-01 20:25:19.858903
DOGE bought at 0.078025 on 2023-08-01 20:25:22.580492
SHIB bought at 8.44e-06 on 2023-08-01 20:25:23.827526
LINK bought at 7.6625 on 2023-08-01 20:25:26.858641
AVAX bought at 12.9135 on 2023-08-01 20:25:28.211069
BTC sold at 29973.43 on 2023-08-01 20:32:07.567527
BTC bought at 29973.43 on 2023-08-01 20:32:08.134682, quantity: 3e-05, purchased usd: 1.0, quantity: 3e-05, worth usd: $0.8992029, buy_points: 1
DOGE bought at 0.078115 on 2023-08-01 20:32:10.919546, quantity: 12.97, purchased usd: 1.0, quantity: 12.97, worth usd: $1.0131515500000001, buy_points: 1
SHIB bought at 8.445e-06 on 2023-08-01 20:32:12.075463, quantity: 0.0, purchased usd: 1.0, quantity: 0.0, worth usd: $0.0, buy_points: 1
LINK bought at 7.677 on 2023-08-01 20:32:15.787247, quantity: 0.0, purchased usd: 1.0, quantity: 0.0, worth usd: $0.0, buy_points: 1
AVAX bought at 12.939 on 2023-08-01 20:32:18.149984, quantity: 0.0, purchased usd: 1.0, quantity: 0.0, worth usd: $0.0, buy_points: 1
DOGE bought at 0.078025 on 2023-08-01 20:41:23.464076, quantity: 12.97, purchased usd: 1.0, quantity: 12.97, worth usd: $1.01198425, buy_points: 1
SHIB bought at 8.445e-06 on 2023-08-01 20:41:25.223465, quantity: 0.0, purchased usd: 1.0, quantity: 0.0, worth usd: $0.0, buy_points: 1
LTC bought at 93.52 on 2023-08-01 20:41:29.149414, quantity: 0.0, purchased usd: 1.0, quantity: 0.0, worth usd: $0.0, buy_points: 1
LINK bought at 7.6835 on 2023-08-01 20:41:30.814555, quantity: 0.0, purchased usd: 1.0, quantity: 0.0, worth usd: $0.0, buy_points: 1
XTZ sold at 0.85315 on 2023-08-01 20:41:35.981375
XTZ bought at 0.85315 on 2023-08-01 20:41:36.588969, quantity: 2.393, purchased usd: 1.0, quantity: 2.393, worth usd: $2.04158795, buy_points: 1
DOGE bought at 0.078025 on 2023-08-01 20:43:45.062073, quantity: 12.97, purchased usd: 5.0, quantity: 12.97, worth usd: $1.01198425, buy_points: 1
SHIB bought at 8.445e-06 on 2023-08-01 20:43:46.655236, quantity: 0.0, purchased usd: 5.0, quantity: 0.0, worth usd: $0.0, buy_points: 1
LTC bought at 93.52 on 2023-08-01 20:43:50.066776, quantity: 0.0, purchased usd: 5.0, quantity: 0.0, worth usd: $0.0, buy_points: 1
LINK bought at 7.6835 on 2023-08-01 20:43:51.588142, quantity: 0.0, purchased usd: 5.0, quantity: 0.0, worth usd: $0.0, buy_points: 1
XTZ sold at 0.85315 on 2023-08-01 20:43:56.149012
XTZ bought at 0.85315 on 2023-08-01 20:43:56.670561, quantity: 2.393, purchased usd: 5.0, quantity: 2.393, worth usd: $2.04158795, buy_points: 1
DOGE bought at 0.077995 on 2023-08-01 20:47:23.671229, quantity: 12.97, purchased usd: 5.0, quantity: 12.97, worth usd: $1.01159515, buy_points: 1
SHIB bought at 8.45e-06 on 2023-08-01 20:47:25.052265, quantity: 0.0, purchased usd: 5.0, quantity: 0.0, worth usd: $0.0, buy_points: 1
LTC bought at 93.49 on 2023-08-01 20:47:28.935569, quantity: 0.0, purchased usd: 5.0, quantity: 0.0, worth usd: $0.0, buy_points: 1
LINK bought at 7.683 on 2023-08-01 20:47:30.738629, quantity: 0.0, purchased usd: 5.0, quantity: 0.0, worth usd: $0.0, buy_points: 1
XTZ bought at 0.8522 on 2023-08-01 20:47:35.534185, quantity: 2.393, purchased usd: 5.0, quantity: 2.393, worth usd: $2.0393145999999995, buy_points: 1
DOGE bought at 0.077995 on 2023-08-01 20:49:36.598851, quantity: 12.97, purchased usd: 3.0, quantity: 12.97, worth usd: $1.01159515, buy_points: 1
SHIB bought at 8.45e-06 on 2023-08-01 20:49:38.336585, quantity: 0.0, purchased usd: 3.0, quantity: 0.0, worth usd: $0.0, buy_points: 1
LTC bought at 93.49 on 2023-08-01 20:49:42.764172, quantity: 0.0, purchased usd: 3.0, quantity: 0.0, worth usd: $0.0, buy_points: 1
LINK bought at 7.683 on 2023-08-01 20:49:44.647064, quantity: 0.0, purchased usd: 3.0, quantity: 0.0, worth usd: $0.0, buy_points: 1
XTZ bought at 0.8522 on 2023-08-01 20:49:49.147586, quantity: 2.393, purchased usd: 3.0, quantity: 2.393, worth usd: $2.0393145999999995, buy_points: 1
LTC bought at 93.435 on 2023-08-01 20:55:46.966901, quantity: 0.0, purchased usd: 5.0, quantity: 0.0, worth usd: $0.0, buy_points: 1
LINK bought at 7.712 on 2023-08-01 20:55:48.508430, quantity: 0.0, purchased usd: 5.0, quantity: 0.0, worth usd: $0.0, buy_points: 1
XTZ bought at 0.8521 on 2023-08-01 20:55:51.806295, quantity: 2.393, purchased usd: 5.0, quantity: 2.393, worth usd: $2.0390753, buy_points: 1
XTZ bought at 0.8566 on 2023-08-01 21:24:28.965769, quantity: 2.393, purchased usd: 5.0, quantity: 2.393, worth usd: $2.0498438, buy_points: 1
UNI bought at 6.6705 on 2023-08-01 21:53:04.589603, quantity: 0.0, purchased usd: 1.0, quantity: 0.0, worth usd: $0.0, buy_points: 1
COMP bought at 65.89 on 2023-08-01 21:53:08.454090, quantity: 0.012, purchased usd: 1.0, quantity: 0.012, worth usd: $0.79068, buy_points: 1
UNI bought at 6.6485 on 2023-08-01 22:12:52.357636, quantity: 0.0, purchased usd: 1.0, quantity: 0.0, worth usd: $0.0, buy_points: 1
LTC bought at 92.75 on 2023-08-01 22:12:54.795315, quantity: 0.0, purchased usd: 1.0, quantity: 0.0, worth usd: $0.0, buy_points: 1
COMP bought at 66.8833525 on 2023-08-01 22:12:57.121526, quantity: 0.012, purchased usd: 1.0, quantity: 0.012, worth usd: $0.80260023, buy_points: 1
UNI bought at 6.6485 on 2023-08-01 22:14:26.590872, quantity: 0.0, purchased usd: 1.0, quantity: 0.0, worth usd: $0.0, buy_points: 1
LTC bought at 92.75 on 2023-08-01 22:14:29.220846, quantity: 0.0, purchased usd: 1.0, quantity: 0.0, worth usd: $0.0, buy_points: 1
COMP bought at 66.8833525 on 2023-08-01 22:14:31.351229, quantity: 0.012, purchased usd: 1.0, quantity: 0.012, worth usd: $0.80260023, buy_points: 1
UNI bought at 6.6465 on 2023-08-01 22:16:42.927641, quantity: 0.0, purchased usd: 1.0, quantity: 0.0, worth usd: $0.0, buy_points: 1
LTC bought at 92.75 on 2023-08-01 22:16:45.770634, quantity: 0.0, purchased usd: 1.0, quantity: 0.0, worth usd: $0.0, buy_points: 1
COMP bought at 66.6285075 on 2023-08-01 22:16:48.389191, quantity: 0.012, purchased usd: 1.0, quantity: 0.012, worth usd: $0.79954209, buy_points: 1
XLM bought at 0.15152245 on 2023-08-01 22:16:50.356567, quantity: 0.0, purchased usd: 1.0, quantity: 0.0, worth usd: $0.0, buy_points: 1
UNI bought at 6.6465 on 2023-08-01 22:18:24.688657, quantity: 0.0, purchased usd: 1.0, quantity: 0.0, worth usd: $0.0, buy_points: 1
LTC bought at 92.75 on 2023-08-01 22:18:27.868699, quantity: 0.0, purchased usd: 1.0, quantity: 0.0, worth usd: $0.0, buy_points: 1
COMP bought at 66.6285075 on 2023-08-01 22:18:30.240486, quantity: 0.012, purchased usd: 1.0, quantity: 0.012, worth usd: $0.79954209, buy_points: 1
XLM bought at 0.15152245 on 2023-08-01 22:18:33.078895, quantity: 0.0, purchased usd: 1.0, quantity: 0.0, worth usd: $0.0, buy_points: 1
UNI bought at 6.655 on 2023-08-01 22:23:56.398868, quantity: 0.0, purchased usd: 1.0, quantity: 0.0, worth usd: $0.0, buy_points: 1
LTC bought at 92.86 on 2023-08-01 22:23:59.529889, quantity: 0.0, purchased usd: 1.0, quantity: 0.0, worth usd: $0.0, buy_points: 1
COMP bought at 66.288866 on 2023-08-01 22:24:02.049148, quantity: 0.012, purchased usd: 1.0, quantity: 0.012, worth usd: $0.795466392, buy_points: 1
XLM bought at 0.15168 on 2023-08-01 22:24:04.441761, quantity: 0.0, purchased usd: 1.0, quantity: 0.0, worth usd: $0.0, buy_points: 1
LTC bought at 92.89 on 2023-08-01 22:27:31.956184, quantity: 0.0, purchased usd: 1.0, quantity: 0.0, worth usd: $0.0, buy_points: 1
COMP bought at 66.460469 on 2023-08-01 22:27:34.042095, quantity: 0.012, purchased usd: 1.0, quantity: 0.012, worth usd: $0.797525628, buy_points: 1
XLM bought at 0.151805 on 2023-08-01 22:27:36.265356, quantity: 0.0, purchased usd: 1.0, quantity: 0.0, worth usd: $0.0, buy_points: 1
ETH bought at 1840.86 on 2023-08-02 11:39:10.971396, quantity: 0.0, purchased usd: 1.0, quantity: 0.0, worth usd: $0.0, buy_points: 1
DOGE bought at 0.07519788 on 2023-08-02 11:39:13.586050, quantity: 25.86, purchased usd: 1.0, quantity: 25.86, worth usd: $1.9446171767999998, buy_points: 1
ETC bought at 18.1325 on 2023-08-02 11:39:16.729782, quantity: 0.0, purchased usd: 1.0, quantity: 0.0, worth usd: $0.0, buy_points: 1
AAVE bought at 64.718556 on 2023-08-02 11:39:19.686056, quantity: 0.04, purchased usd: 1.0, quantity: 0.04, worth usd: $2.58874224, buy_points: 1
LINK bought at 7.4735 on 2023-08-02 11:39:21.486696, quantity: 0.0, purchased usd: 1.0, quantity: 0.0, worth usd: $0.0, buy_points: 1
COMP bought at 63.620112 on 2023-08-02 11:39:22.961225, quantity: 0.012, purchased usd: 1.0, quantity: 0.012, worth usd: $0.763441344, buy_points: 1
AVAX bought at 12.6075 on 2023-08-02 11:39:24.306407, quantity: 0.0, purchased usd: 1.0, quantity: 0.0, worth usd: $0.0, buy_points: 1
XLM bought at 0.14632096 on 2023-08-02 11:39:25.675721, quantity: 0.0, purchased usd: 1.0, quantity: 0.0, worth usd: $0.0, buy_points: 1
XTZ bought at 0.8418 on 2023-08-02 11:39:28.127109, quantity: 4.713, purchased usd: 1.0, quantity: 4.713, worth usd: $3.9674034000000002, buy_points: 1
BTC bought at 29332.075 on 2023-08-02 11:53:48.883781, quantity: 3e-05, purchased usd: 1.0, quantity: 3e-05, worth usd: $0.8799622500000001, buy_points: 1
ETH bought at 1845.03 on 2023-08-02 11:53:50.143433, quantity: 0.0, purchased usd: 1.0, quantity: 0.0, worth usd: $0.0, buy_points: 1
DOGE bought at 0.07541 on 2023-08-02 11:53:53.232183, quantity: 25.86, purchased usd: 1.0, quantity: 25.86, worth usd: $1.9501026000000001, buy_points: 1
SHIB bought at 8.23e-06 on 2023-08-02 11:53:54.780427, quantity: 0.0, purchased usd: 1.0, quantity: 0.0, worth usd: $0.0, buy_points: 1
ETC bought at 18.1405 on 2023-08-02 11:53:56.158126, quantity: 0.0, purchased usd: 1.0, quantity: 0.0, worth usd: $0.0, buy_points: 1
AAVE bought at 66.055 on 2023-08-02 11:53:57.706191, quantity: 0.04, purchased usd: 1.0, quantity: 0.04, worth usd: $2.6422000000000003, buy_points: 1
LTC bought at 88.675 on 2023-08-02 11:53:58.821345, quantity: 0.01, purchased usd: 1.0, quantity: 0.01, worth usd: $0.88675, buy_points: 1
LINK bought at 7.4645 on 2023-08-02 11:53:59.978857, quantity: 0.0, purchased usd: 1.0, quantity: 0.0, worth usd: $0.0, buy_points: 1
COMP bought at 63.455 on 2023-08-02 11:54:01.014223, quantity: 0.012, purchased usd: 1.0, quantity: 0.012, worth usd: $0.76146, buy_points: 1
AVAX bought at 12.625 on 2023-08-02 11:54:02.064874, quantity: 0.0, purchased usd: 1.0, quantity: 0.0, worth usd: $0.0, buy_points: 1
XLM bought at 0.14662472 on 2023-08-02 11:54:03.685397, quantity: 0.0, purchased usd: 1.0, quantity: 0.0, worth usd: $0.0, buy_points: 1
BCH bought at 232.515 on 2023-08-02 11:54:05.786823, quantity: 0.002041, purchased usd: 1.0, quantity: 0.002041, worth usd: $0.4745631149999999, buy_points: 1
XTZ bought at 0.84180809 on 2023-08-02 11:54:08.407049, quantity: 4.713, purchased usd: 1.0, quantity: 4.713, worth usd: $3.96744152817, buy_points: 1
DOGE bought at 0.074443515 on 2023-08-02 11:57:38.756439, quantity: 39.12, purchased usd: 1.0, quantity: 39.12, worth usd: $2.9122303067999997, buy_points: 1
AAVE bought at 65.1217585 on 2023-08-02 11:57:41.295060, quantity: 0.04, purchased usd: 1.0, quantity: 0.04, worth usd: $2.60487034, buy_points: 1
XLM bought at 0.14503056 on 2023-08-02 11:57:44.286994, quantity: 0.0, purchased usd: 1.0, quantity: 0.0, worth usd: $0.0, buy_points: 1
BCH bought at 226.157705 on 2023-08-02 11:57:45.125416
AAVE bought at 66.00209025 on 2023-08-02 12:08:42.404474, quantity: 0.04, purchased usd: 1.0, quantity: 0.04, worth usd: $2.64008361, buy_points: 1
AAVE bought at 65.76749075 on 2023-08-02 12:19:46.499140, quantity: 0.04, purchased usd: 1.0, quantity: 0.04, worth usd: $2.6306996299999996, buy_points: 1
LINK bought at 7.4125 on 2023-08-02 12:30:52.367119, quantity: 0.0, purchased usd: 1.0, quantity: 0.0, worth usd: $0.0, buy_points: 1
XLM bought at 0.14577059 on 2023-08-02 12:30:54.271077, quantity: 0.0, purchased usd: 1.0, quantity: 0.0, worth usd: $0.0, buy_points: 1
BTC bought at 29226.55 on 2023-08-02 12:41:52.567080, quantity: 3e-05, purchased usd: 1.0, quantity: 3e-05, worth usd: $0.8767965, buy_points: 1
ETH bought at 1837.495 on 2023-08-02 12:41:53.641155, quantity: 0.0, purchased usd: 1.0, quantity: 0.0, worth usd: $0.0, buy_points: 1
DOGE bought at 0.074986885 on 2023-08-02 12:41:54.710626, quantity: 39.12, purchased usd: 1.0, quantity: 39.12, worth usd: $2.9334869412, buy_points: 1
SHIB bought at 8.2e-06 on 2023-08-02 12:41:55.827636, quantity: 0.0, purchased usd: 1.0, quantity: 0.0, worth usd: $0.0, buy_points: 1
ETC bought at 18.105 on 2023-08-02 12:41:56.891459, quantity: 0.0, purchased usd: 1.0, quantity: 0.0, worth usd: $0.0, buy_points: 1
LINK bought at 7.446017 on 2023-08-02 12:41:59.034071, quantity: 0.0, purchased usd: 1.0, quantity: 0.0, worth usd: $0.0, buy_points: 1
AVAX bought at 12.565 on 2023-08-02 12:42:00.624384, quantity: 0.0, purchased usd: 1.0, quantity: 0.0, worth usd: $0.0, buy_points: 1
XLM bought at 0.145964465 on 2023-08-02 12:42:01.603123, quantity: 0.0, purchased usd: 1.0, quantity: 0.0, worth usd: $0.0, buy_points: 1
XTZ bought at 0.83925 on 2023-08-02 12:42:03.100377, quantity: 4.713, purchased usd: 1.0, quantity: 4.713, worth usd: $3.9553852500000004, buy_points: 1
BTC bought at 29151.9 on 2023-08-02 12:53:00.271817, quantity: 3e-05, purchased usd: 1.0, quantity: 3e-05, worth usd: $0.874557, buy_points: 1
ETH bought at 1832.23 on 2023-08-02 12:53:01.304104, quantity: 0.0, purchased usd: 1.0, quantity: 0.0, worth usd: $0.0, buy_points: 1
DOGE bought at 0.07471101 on 2023-08-02 12:53:02.205892, quantity: 39.12, purchased usd: 1.0, quantity: 39.12, worth usd: $2.9226947111999997, buy_points: 1
SHIB bought at 8.175e-06 on 2023-08-02 12:53:03.206301, quantity: 0.0, purchased usd: 1.0, quantity: 0.0, worth usd: $0.0, buy_points: 1
ETC bought at 18.066 on 2023-08-02 12:53:04.120835, quantity: 0.0, purchased usd: 1.0, quantity: 0.0, worth usd: $0.0, buy_points: 1
LTC bought at 86.995 on 2023-08-02 12:53:06.191948, quantity: 0.01, purchased usd: 1.0, quantity: 0.01, worth usd: $0.8699500000000001, buy_points: 1
LINK bought at 7.418 on 2023-08-02 12:53:07.019945, quantity: 0.0, purchased usd: 1.0, quantity: 0.0, worth usd: $0.0, buy_points: 1
AVAX bought at 12.5375 on 2023-08-02 12:53:08.225721, quantity: 0.0, purchased usd: 1.0, quantity: 0.0, worth usd: $0.0, buy_points: 1
XLM bought at 0.14539389 on 2023-08-02 12:53:09.043379, quantity: 0.0, purchased usd: 1.0, quantity: 0.0, worth usd: $0.0, buy_points: 1
XTZ bought at 0.837 on 2023-08-02 12:53:10.931032, quantity: 4.713, purchased usd: 1.0, quantity: 4.713, worth usd: $3.944781, buy_points: 1
BTC bought at 29126.31 on 2023-08-02 13:04:08.247977, quantity: 3e-05, purchased usd: 1.0, quantity: 3e-05, worth usd: $0.8737893000000001, buy_points: 1
DOGE bought at 0.074705 on 2023-08-02 13:04:11.258963, quantity: 39.12, purchased usd: 1.0, quantity: 39.12, worth usd: $2.9224595999999994, buy_points: 1
SHIB bought at 8.175e-06 on 2023-08-02 13:04:12.256997, quantity: 0.0, purchased usd: 1.0, quantity: 0.0, worth usd: $0.0, buy_points: 1
ETC bought at 18.0635 on 2023-08-02 13:04:13.330736, quantity: 0.0, purchased usd: 1.0, quantity: 0.0, worth usd: $0.0, buy_points: 1
LTC bought at 86.81418875 on 2023-08-02 13:04:15.170233, quantity: 0.01, purchased usd: 1.0, quantity: 0.01, worth usd: $0.8681418875, buy_points: 1
LINK bought at 7.4425 on 2023-08-02 13:04:16.007826, quantity: 0.0, purchased usd: 1.0, quantity: 0.0, worth usd: $0.0, buy_points: 1
AVAX bought at 12.538 on 2023-08-02 13:04:17.361608, quantity: 0.0, purchased usd: 1.0, quantity: 0.0, worth usd: $0.0, buy_points: 1
XLM bought at 0.14566699 on 2023-08-02 13:04:18.406270, quantity: 0.0, purchased usd: 1.0, quantity: 0.0, worth usd: $0.0, buy_points: 1
BCH bought at 226.32 on 2023-08-02 13:04:19.254775, quantity: 0.002041, purchased usd: 1.0, quantity: 0.002041, worth usd: $0.46191911999999996, buy_points: 1
XTZ bought at 0.8389 on 2023-08-02 13:04:20.117288, quantity: 4.713, purchased usd: 1.0, quantity: 4.713, worth usd: $3.9537357, buy_points: 1
BTC bought at 29119.7 on 2023-08-02 13:15:17.771066, quantity: 3e-05, purchased usd: 1.0, quantity: 3e-05, worth usd: $0.873591, buy_points: 1
ETH bought at 1832.33 on 2023-08-02 13:15:18.763878, quantity: 0.0, purchased usd: 1.0, quantity: 0.0, worth usd: $0.0, buy_points: 1
DOGE bought at 0.074875 on 2023-08-02 13:15:20.466329, quantity: 39.12, purchased usd: 1.0, quantity: 39.12, worth usd: $2.9291099999999997, buy_points: 1
SHIB bought at 8.2e-06 on 2023-08-02 13:15:22.710554, quantity: 0.0, purchased usd: 1.0, quantity: 0.0, worth usd: $0.0, buy_points: 1
ETC bought at 18.1245 on 2023-08-02 13:15:24.607794, quantity: 0.0, purchased usd: 1.0, quantity: 0.0, worth usd: $0.0, buy_points: 1
LTC bought at 87.515 on 2023-08-02 13:15:26.749100, quantity: 0.01, purchased usd: 1.0, quantity: 0.01, worth usd: $0.87515, buy_points: 1
LINK bought at 7.4485 on 2023-08-02 13:15:27.810381, quantity: 0.0, purchased usd: 1.0, quantity: 0.0, worth usd: $0.0, buy_points: 1
COMP bought at 63.293697 on 2023-08-02 13:15:29.326075, quantity: 0.012, purchased usd: 1.0, quantity: 0.012, worth usd: $0.759524364, buy_points: 1
AVAX bought at 12.558 on 2023-08-02 13:15:30.375356, quantity: 0.0, purchased usd: 1.0, quantity: 0.0, worth usd: $0.0, buy_points: 1
XLM bought at 0.14601407 on 2023-08-02 13:15:31.428502, quantity: 0.0, purchased usd: 1.0, quantity: 0.0, worth usd: $0.0, buy_points: 1
BCH bought at 227.085 on 2023-08-02 13:15:32.473798, quantity: 0.002041, purchased usd: 1.0, quantity: 0.002041, worth usd: $0.463480485, buy_points: 1
XTZ bought at 0.83895 on 2023-08-02 13:15:33.763804, quantity: 4.713, purchased usd: 1.0, quantity: 4.713, worth usd: $3.9539713499999998, buy_points: 1
BTC bought at 29079.735 on 2023-08-02 13:26:31.309709, quantity: 3e-05, purchased usd: 1.0, quantity: 3e-05, worth usd: $0.8723920500000001, buy_points: 1
ETH bought at 1830.74 on 2023-08-02 13:26:32.163691, quantity: 0.0, purchased usd: 1.0, quantity: 0.0, worth usd: $0.0, buy_points: 1
DOGE bought at 0.07477 on 2023-08-02 13:26:33.527594, quantity: 39.12, purchased usd: 1.0, quantity: 39.12, worth usd: $2.9250024, buy_points: 1
SHIB bought at 8.185e-06 on 2023-08-02 13:26:34.685279, quantity: 0.0, purchased usd: 1.0, quantity: 0.0, worth usd: $0.0, buy_points: 1
ETC bought at 18.1175 on 2023-08-02 13:26:35.731082, quantity: 0.0, purchased usd: 1.0, quantity: 0.0, worth usd: $0.0, buy_points: 1
LTC bought at 87.67720025 on 2023-08-02 13:26:37.649994, quantity: 0.01, purchased usd: 1.0, quantity: 0.01, worth usd: $0.8767720025, buy_points: 1
LINK bought at 7.4257604 on 2023-08-02 13:26:38.572680, quantity: 0.0, purchased usd: 1.0, quantity: 0.0, worth usd: $0.0, buy_points: 1
COMP bought at 63.023724 on 2023-08-02 13:26:39.379670, quantity: 0.012, purchased usd: 1.0, quantity: 0.012, worth usd: $0.756284688, buy_points: 1
AVAX bought at 12.5265 on 2023-08-02 13:26:40.374601, quantity: 0.0, purchased usd: 1.0, quantity: 0.0, worth usd: $0.0, buy_points: 1
XLM bought at 0.146033665 on 2023-08-02 13:26:41.433421, quantity: 0.0, purchased usd: 1.0, quantity: 0.0, worth usd: $0.0, buy_points: 1
BCH bought at 226.945 on 2023-08-02 13:26:42.424589, quantity: 0.002041, purchased usd: 1.0, quantity: 0.002041, worth usd: $0.46319474499999996, buy_points: 1
XTZ bought at 0.83835 on 2023-08-02 13:26:43.323248, quantity: 4.713, purchased usd: 1.0, quantity: 4.713, worth usd: $3.9511435500000003, buy_points: 1
ETH bought at 1831.21 on 2023-08-02 13:37:41.258151, quantity: 0.0, purchased usd: 1.0, quantity: 0.0, worth usd: $0.0, buy_points: 1
DOGE bought at 0.074465 on 2023-08-02 13:37:42.910330, quantity: 52.49, purchased usd: 1.0, quantity: 52.49, worth usd: $3.9086678500000005, buy_points: 1
SHIB bought at 8.165e-06 on 2023-08-02 13:37:44.121860, quantity: 0.0, purchased usd: 1.0, quantity: 0.0, worth usd: $0.0, buy_points: 1
ETC bought at 18.1045 on 2023-08-02 13:37:44.956153, quantity: 0.0, purchased usd: 1.0, quantity: 0.0, worth usd: $0.0, buy_points: 1
LTC bought at 87.575 on 2023-08-02 13:37:46.917214, quantity: 0.01, purchased usd: 1.0, quantity: 0.01, worth usd: $0.87575, buy_points: 1
LINK bought at 7.42 on 2023-08-02 13:37:47.798932, quantity: 0.0, purchased usd: 1.0, quantity: 0.0, worth usd: $0.0, buy_points: 1
COMP bought at 62.91 on 2023-08-02 13:37:49.377592, quantity: 0.012, purchased usd: 1.0, quantity: 0.012, worth usd: $0.7549199999999999, buy_points: 1
AVAX bought at 12.5125 on 2023-08-02 13:37:50.401908, quantity: 0.0, purchased usd: 1.0, quantity: 0.0, worth usd: $0.0, buy_points: 1
XLM bought at 0.14593089 on 2023-08-02 13:37:51.430496, quantity: 0.0, purchased usd: 1.0, quantity: 0.0, worth usd: $0.0, buy_points: 1
BCH bought at 227.155 on 2023-08-02 13:37:52.456274, quantity: 0.002041, purchased usd: 1.0, quantity: 0.002041, worth usd: $0.46362335499999996, buy_points: 1
XTZ bought at 0.8379 on 2023-08-02 13:37:53.285371, quantity: 4.713, purchased usd: 1.0, quantity: 4.713, worth usd: $3.9490227, buy_points: 1
ETH bought at 1831.95 on 2023-08-02 13:48:51.981036, quantity: 0.0, purchased usd: 1.0, quantity: 0.0, worth usd: $0.0, buy_points: 1
DOGE bought at 0.074615 on 2023-08-02 13:48:53.513782, quantity: 52.49, purchased usd: 1.0, quantity: 52.49, worth usd: $3.91654135, buy_points: 1
SHIB bought at 8.18e-06 on 2023-08-02 13:48:54.520404, quantity: 0.0, purchased usd: 1.0, quantity: 0.0, worth usd: $0.0, buy_points: 1
ETC bought at 18.1075 on 2023-08-02 13:48:55.371288, quantity: 0.0, purchased usd: 1.0, quantity: 0.0, worth usd: $0.0, buy_points: 1
LTC bought at 87.73 on 2023-08-02 13:48:57.906828, quantity: 0.01, purchased usd: 1.0, quantity: 0.01, worth usd: $0.8773000000000001, buy_points: 1
LINK bought at 7.4235 on 2023-08-02 13:48:58.721438, quantity: 0.0, purchased usd: 1.0, quantity: 0.0, worth usd: $0.0, buy_points: 1
COMP bought at 63.04 on 2023-08-02 13:49:00.261003, quantity: 0.012, purchased usd: 1.0, quantity: 0.012, worth usd: $0.75648, buy_points: 1
XLM bought at 0.145786205 on 2023-08-02 13:49:02.035035, quantity: 0.0, purchased usd: 1.0, quantity: 0.0, worth usd: $0.0, buy_points: 1
BCH bought at 228.095 on 2023-08-02 13:49:02.878061, quantity: 0.002041, purchased usd: 1.0, quantity: 0.002041, worth usd: $0.465541895, buy_points: 1
XTZ bought at 0.8389 on 2023-08-02 13:49:03.741264, quantity: 4.713, purchased usd: 1.0, quantity: 4.713, worth usd: $3.9537357, buy_points: 1
BTC bought at 29137.75 on 2023-08-02 14:00:00.873249, quantity: 3e-05, purchased usd: 1.0, quantity: 3e-05, worth usd: $0.8741325, buy_points: 1
ETH bought at 1833.27 on 2023-08-02 14:00:01.752568, quantity: 0.0, purchased usd: 1.0, quantity: 0.0, worth usd: $0.0, buy_points: 1
SHIB bought at 8.17e-06 on 2023-08-02 14:00:03.123912, quantity: 0.0, purchased usd: 1.0, quantity: 0.0, worth usd: $0.0, buy_points: 1
ETC bought at 18.097 on 2023-08-02 14:00:04.071470, quantity: 0.0, purchased usd: 1.0, quantity: 0.0, worth usd: $0.0, buy_points: 1
LTC bought at 87.545 on 2023-08-02 14:00:05.942913, quantity: 0.02, purchased usd: 1.0, quantity: 0.02, worth usd: $1.7509000000000001, buy_points: 1
LINK bought at 7.411 on 2023-08-02 14:00:06.797260, quantity: 0.0, purchased usd: 1.0, quantity: 0.0, worth usd: $0.0, buy_points: 1
BCH bought at 227.845 on 2023-08-02 14:00:09.066888, quantity: 0.002041, purchased usd: 1.0, quantity: 0.002041, worth usd: $0.46503164499999994, buy_points: 1
BTC bought at 29142.485 on 2023-08-02 14:11:06.430459, quantity: 3e-05, purchased usd: 1.0, quantity: 3e-05, worth usd: $0.8742745500000001, buy_points: 1
ETH bought at 1835.19 on 2023-08-02 14:11:07.416118, quantity: 0.0, purchased usd: 1.0, quantity: 0.0, worth usd: $0.0, buy_points: 1
SHIB bought at 8.175e-06 on 2023-08-02 14:11:08.808824, quantity: 0.0, purchased usd: 1.0, quantity: 0.0, worth usd: $0.0, buy_points: 1
ETC bought at 18.109 on 2023-08-02 14:11:09.676599, quantity: 0.0, purchased usd: 1.0, quantity: 0.0, worth usd: $0.0, buy_points: 1
UNI bought at 6.143374 on 2023-08-02 14:11:10.818230, quantity: 0.3, purchased usd: 1.0, quantity: 0.3, worth usd: $1.8430121999999998, buy_points: 1
LTC bought at 87.4 on 2023-08-02 14:11:12.738370, quantity: 0.02, purchased usd: 1.0, quantity: 0.02, worth usd: $1.7480000000000002, buy_points: 1
LINK bought at 7.4085 on 2023-08-02 14:11:13.843372, quantity: 0.0, purchased usd: 1.0, quantity: 0.0, worth usd: $0.0, buy_points: 1
COMP bought at 63.18 on 2023-08-02 14:11:15.213068, quantity: 0.032, purchased usd: 1.0, quantity: 0.032, worth usd: $2.02176, buy_points: 1
BCH bought at 227.79 on 2023-08-02 14:11:16.991838, quantity: 0.002041, purchased usd: 1.0, quantity: 0.002041, worth usd: $0.46491938999999993, buy_points: 1
BTC bought at 29168.595 on 2023-08-02 14:22:16.002724, quantity: 3e-05, purchased usd: 1.0, quantity: 3e-05, worth usd: $0.87505785, buy_points: 1
ETH bought at 1837.965 on 2023-08-02 14:22:17.215651, quantity: 0.0, purchased usd: 1.0, quantity: 0.0, worth usd: $0.0, buy_points: 1
DOGE bought at 0.0745815 on 2023-08-02 14:22:18.205652, quantity: 65.89, purchased usd: 1.0, quantity: 65.89, worth usd: $4.9141750349999995, buy_points: 1
SHIB bought at 8.185e-06 on 2023-08-02 14:22:19.310257, quantity: 0.0, purchased usd: 1.0, quantity: 0.0, worth usd: $0.0, buy_points: 1
UNI bought at 6.156861 on 2023-08-02 14:22:21.062114, quantity: 0.3, purchased usd: 1.0, quantity: 0.3, worth usd: $1.8470583, buy_points: 1
LTC bought at 87.535 on 2023-08-02 14:22:22.719328, quantity: 0.02, purchased usd: 1.0, quantity: 0.02, worth usd: $1.7507, buy_points: 1
COMP bought at 63.1368565 on 2023-08-02 14:22:24.628060, quantity: 0.032, purchased usd: 1.0, quantity: 0.032, worth usd: $2.020379408, buy_points: 1
AVAX bought at 12.522 on 2023-08-02 14:22:25.638282, quantity: 0.0, purchased usd: 1.0, quantity: 0.0, worth usd: $0.0, buy_points: 1
BCH bought at 227.805 on 2023-08-02 14:22:27.352869, quantity: 0.002041, purchased usd: 1.0, quantity: 0.002041, worth usd: $0.464950005, buy_points: 1
