283    2023-07-30T00:10:00Z
284    2023-07-30T00:15:00Z
285    2023-07-30T00:20:00Z
286    2023-07-30T00:25:00Z
287    2023-07-30T00:30:00Z
Name: date, Length: 288, dtype: object
2023-07-29 19:40:01,607 casting df data to floats...
2023-07-29 19:40:01,633 current price: 8.5e-06, rsi: 44.09526852184743 --> buy signal increased by 1 to 2
2023-07-29 19:40:01,636   Calculating signals for ETC...
2023-07-29 19:40:01,641   df date: 0      2023-07-29T00:35:00Z
1      2023-07-29T00:40:00Z
2      2023-07-29T00:45:00Z
3      2023-07-29T00:50:00Z
4      2023-07-29T00:55:00Z
               ...         
283    2023-07-30T00:10:00Z
284    2023-07-30T00:15:00Z
285    2023-07-30T00:20:00Z
286    2023-07-30T00:25:00Z
287    2023-07-30T00:30:00Z
Name: date, Length: 288, dtype: object
2023-07-29 19:40:01,641 casting df data to floats...
2023-07-29 19:40:01,667 current price: 18.5635, rsi: 43.886061600522574 --> buy signal increased by 1 to 2
2023-07-29 19:40:01,669   Calculating signals for UNI...
2023-07-29 19:40:01,674   df date: 0      2023-07-29T00:35:00Z
1      2023-07-29T00:40:00Z
2      2023-07-29T00:45:00Z
3      2023-07-29T00:50:00Z
4      2023-07-29T00:55:00Z
               ...         
283    2023-07-30T00:10:00Z
284    2023-07-30T00:15:00Z
285    2023-07-30T00:20:00Z
286    2023-07-30T00:25:00Z
287    2023-07-30T00:30:00Z
Name: date, Length: 288, dtype: object
2023-07-29 19:40:01,675 casting df data to floats...
2023-07-29 19:40:01,701 current price: 6.317, rsi: 47.25194928390567 --> buy signal increased by 1 to 2
2023-07-29 19:40:01,703   Calculating signals for AAV...
2023-07-29 19:40:01,708   df date: 0      2023-07-29T00:35:00Z
1      2023-07-29T00:40:00Z
2      2023-07-29T00:45:00Z
3      2023-07-29T00:50:00Z
4      2023-07-29T00:55:00Z
               ...         
283    2023-07-30T00:10:00Z
284    2023-07-30T00:15:00Z
285    2023-07-30T00:20:00Z
286    2023-07-30T00:25:00Z
287    2023-07-30T00:30:00Z
Name: date, Length: 288, dtype: object
2023-07-29 19:40:01,708 casting df data to floats...
2023-07-29 19:40:01,735 current price: 74.355, rsi: 49.097116198512175 --> buy signal increased by 1 to 2
2023-07-29 19:40:01,737   Calculating signals for LTC...
2023-07-29 19:40:01,743   df date: 0      2023-07-29T00:35:00Z
1      2023-07-29T00:40:00Z
2      2023-07-29T00:45:00Z
3      2023-07-29T00:50:00Z
4      2023-07-29T00:55:00Z
               ...         
283    2023-07-30T00:10:00Z
284    2023-07-30T00:15:00Z
285    2023-07-30T00:20:00Z
286    2023-07-30T00:25:00Z
287    2023-07-30T00:30:00Z
Name: date, Length: 288, dtype: object
2023-07-29 19:40:01,743 casting df data to floats...
2023-07-29 19:40:01,772 current price: 93.95064, rsi: 51.070909617114474 --> buy signal increased by 1 to 2
2023-07-29 19:40:01,774   Calculating signals for LIN...
2023-07-29 19:40:01,780   df date: 0      2023-07-29T00:35:00Z
1      2023-07-29T00:40:00Z
2      2023-07-29T00:45:00Z
3      2023-07-29T00:50:00Z
4      2023-07-29T00:55:00Z
               ...         
283    2023-07-30T00:10:00Z
284    2023-07-30T00:15:00Z
285    2023-07-30T00:20:00Z
286    2023-07-30T00:25:00Z
287    2023-07-30T00:30:00Z
Name: date, Length: 288, dtype: object
2023-07-29 19:40:01,780 casting df data to floats...
2023-07-29 19:40:01,807 current price: 7.807, rsi: 36.36016522565936 --> buy signal increased by 1 to 2
2023-07-29 19:40:01,809   Calculating signals for COM...
2023-07-29 19:40:01,815   df date: 0      2023-07-29T00:35:00Z
1      2023-07-29T00:40:00Z
2      2023-07-29T00:45:00Z
3      2023-07-29T00:50:00Z
4      2023-07-29T00:55:00Z
               ...         
283    2023-07-30T00:10:00Z
284    2023-07-30T00:15:00Z
285    2023-07-30T00:20:00Z
286    2023-07-30T00:25:00Z
287    2023-07-30T00:30:00Z
Name: date, Length: 288, dtype: object
2023-07-29 19:40:01,815 casting df data to floats...
2023-07-29 19:40:01,840 current price: 71.7443155, rsi: 35.6993198665232 --> buy signal increased by 1 to 1
2023-07-29 19:40:01,842   Calculating signals for USD...
2023-07-29 19:40:01,848   df date: 0      2023-07-29T00:35:00Z
1      2023-07-29T00:40:00Z
2      2023-07-29T00:45:00Z
3      2023-07-29T00:50:00Z
4      2023-07-29T00:55:00Z
               ...         
283    2023-07-30T00:10:00Z
284    2023-07-30T00:15:00Z
285    2023-07-30T00:20:00Z
286    2023-07-30T00:25:00Z
287    2023-07-30T00:30:00Z
Name: date, Length: 288, dtype: object
2023-07-29 19:40:01,848 casting df data to floats...
2023-07-29 19:40:01,875   Calculating signals for SOL...
2023-07-29 19:40:01,881   df date: 0      2023-07-29T00:35:00Z
1      2023-07-29T00:40:00Z
2      2023-07-29T00:45:00Z
3      2023-07-29T00:50:00Z
4      2023-07-29T00:55:00Z
               ...         
283    2023-07-30T00:10:00Z
284    2023-07-30T00:15:00Z
285    2023-07-30T00:20:00Z
286    2023-07-30T00:25:00Z
287    2023-07-30T00:30:00Z
Name: date, Length: 288, dtype: object
2023-07-29 19:40:01,882 casting df data to floats...
2023-07-29 19:40:01,908 current price: 25.09, rsi: 36.07673119480221 --> buy signal increased by 1 to 1
2023-07-29 19:40:01,910   Calculating signals for AVA...
2023-07-29 19:40:01,917   df date: 0      2023-07-29T00:35:00Z
1      2023-07-29T00:40:00Z
2      2023-07-29T00:45:00Z
3      2023-07-29T00:50:00Z
4      2023-07-29T00:55:00Z
               ...         
283    2023-07-30T00:10:00Z
284    2023-07-30T00:15:00Z
285    2023-07-30T00:20:00Z
286    2023-07-30T00:25:00Z
287    2023-07-30T00:30:00Z
Name: date, Length: 288, dtype: object
2023-07-29 19:40:01,917 casting df data to floats...
2023-07-29 19:40:01,947 current price: 13.2135, rsi: 39.96348702380748 --> buy signal increased by 1 to 1
2023-07-29 19:40:01,949   Calculating signals for XLM...
2023-07-29 19:40:01,955   df date: 0      2023-07-29T00:35:00Z
1      2023-07-29T00:40:00Z
2      2023-07-29T00:45:00Z
3      2023-07-29T00:50:00Z
4      2023-07-29T00:55:00Z
               ...         
283    2023-07-30T00:10:00Z
284    2023-07-30T00:15:00Z
285    2023-07-30T00:20:00Z
286    2023-07-30T00:25:00Z
287    2023-07-30T00:30:00Z
Name: date, Length: 288, dtype: object
2023-07-29 19:40:01,955 casting df data to floats...
2023-07-29 19:40:01,985 current price: 0.157936325, rsi: 36.82724352010366 --> buy signal increased by 1 to 1
2023-07-29 19:40:01,987   Calculating signals for BCH...
2023-07-29 19:40:01,993   df date: 0      2023-07-29T00:40:00Z
1      2023-07-29T00:45:00Z
2      2023-07-29T00:50:00Z
3      2023-07-29T00:55:00Z
4      2023-07-29T01:00:00Z
               ...         
283    2023-07-30T00:15:00Z
284    2023-07-30T00:20:00Z
285    2023-07-30T00:25:00Z
286    2023-07-30T00:30:00Z
287    2023-07-30T00:35:00Z
Name: date, Length: 288, dtype: object
2023-07-29 19:40:01,993 casting df data to floats...
2023-07-29 19:40:02,023 current price: 241.875, rsi: 55.00670946144475 --> sell signal increased by 1 to 1
2023-07-29 19:40:02,026   Calculating signals for XTZ...
2023-07-29 19:40:02,032   df date: 0      2023-07-29T00:40:00Z
1      2023-07-29T00:45:00Z
2      2023-07-29T00:50:00Z
3      2023-07-29T00:55:00Z
4      2023-07-29T01:00:00Z
               ...         
283    2023-07-30T00:15:00Z
284    2023-07-30T00:20:00Z
285    2023-07-30T00:25:00Z
286    2023-07-30T00:30:00Z
287    2023-07-30T00:35:00Z
Name: date, Length: 288, dtype: object
2023-07-29 19:40:02,032 casting df data to floats...
2023-07-29 19:40:02,060 current price: 0.8399, rsi: 44.60765884357769 --> buy signal increased by 1 to 2
2023-07-29 19:40:02,143 https://api.robinhood.com:443 "GET /accounts/ HTTP/1.1" 200 3019
2023-07-29 19:40:02,360 https://nummus.robinhood.com:443 "GET /currency_pairs/ HTTP/1.1" 200 62032
2023-07-29 19:40:02,457 https://api.robinhood.com:443 "GET /marketdata/forex/quotes/33316259-af8c-4f31-86a4-c5c07e12d625/ HTTP/1.1" 200 429
2023-07-29 19:40:05,690 https://nummus.robinhood.com:443 "GET /currency_pairs/ HTTP/1.1" 200 62032
2023-07-29 19:40:05,787 https://api.robinhood.com:443 "GET /marketdata/forex/quotes/33316259-af8c-4f31-86a4-c5c07e12d625/ HTTP/1.1" 200 404
2023-07-29 19:40:05,863 https://nummus.robinhood.com:443 "GET /accounts/ HTTP/1.1" 200 1299
2023-07-29 19:40:05,960 https://nummus.robinhood.com:443 "POST /orders/ HTTP/1.1" 400 148
2023-07-29 19:40:07,051 https://api.robinhood.com:443 "GET /accounts/ HTTP/1.1" 200 3019
2023-07-29 19:40:07,273 https://nummus.robinhood.com:443 "GET /currency_pairs/ HTTP/1.1" 200 62032
2023-07-29 19:40:07,369 https://api.robinhood.com:443 "GET /marketdata/forex/quotes/383280b1-ff53-43fc-9c84-f01afd0989cd/ HTTP/1.1" 200 445
2023-07-29 19:40:07,537 https://nummus.robinhood.com:443 "GET /currency_pairs/ HTTP/1.1" 200 62032
2023-07-29 19:40:07,639 https://api.robinhood.com:443 "GET /marketdata/forex/quotes/7a04fe7a-e3a8-4a07-8c35-d0fec9f35569/ HTTP/1.1" 200 444
2023-07-29 19:40:07,879 https://nummus.robinhood.com:443 "GET /currency_pairs/ HTTP/1.1" 200 62032
2023-07-29 19:40:07,972 https://api.robinhood.com:443 "GET /marketdata/forex/quotes/7a04fe7a-e3a8-4a07-8c35-d0fec9f35569/ HTTP/1.1" 200 444
2023-07-29 19:40:08,105 https://nummus.robinhood.com:443 "GET /accounts/ HTTP/1.1" 200 1299
2023-07-29 19:40:08,322 https://nummus.robinhood.com:443 "POST /orders/ HTTP/1.1" 400 73
2023-07-29 19:40:12,449 https://api.robinhood.com:443 "GET /accounts/ HTTP/1.1" 200 3019
2023-07-29 19:40:12,604 https://nummus.robinhood.com:443 "GET /currency_pairs/ HTTP/1.1" 200 62032
2023-07-29 19:40:12,702 https://api.robinhood.com:443 "GET /marketdata/forex/quotes/022bb5c2-d394-4e1c-a8c0-5b16ce1eab8d/ HTTP/1.1" 200 438
2023-07-29 19:40:13,941 https://nummus.robinhood.com:443 "GET /currency_pairs/ HTTP/1.1" 200 62032
2023-07-29 19:40:14,035 https://api.robinhood.com:443 "GET /marketdata/forex/quotes/022bb5c2-d394-4e1c-a8c0-5b16ce1eab8d/ HTTP/1.1" 200 437
2023-07-29 19:40:14,185 https://nummus.robinhood.com:443 "GET /accounts/ HTTP/1.1" 200 1299
2023-07-29 19:40:14,339 https://nummus.robinhood.com:443 "POST /orders/ HTTP/1.1" 400 97
2023-07-29 19:40:15,505 https://api.robinhood.com:443 "GET /accounts/ HTTP/1.1" 200 3019
2023-07-29 19:40:35,509 Finished executing orders for 2023-07-29 19:40:35.508246-05:00...
2023-07-29 19:41:21,012 Started
2023-07-29 19:41:21,048 Using selector: KqueueSelector
2023-07-29 19:41:21,133 Starting new HTTPS connection (1): nummus.robinhood.com:443
2023-07-29 19:41:21,165 https://api.robinhood.com:443 "GET /accounts/ HTTP/1.1" 200 3019
2023-07-29 19:41:21,628 https://nummus.robinhood.com:443 "GET /holdings/ HTTP/1.1" 200 24089
2023-07-29 19:41:21,839 https://nummus.robinhood.com:443 "GET /currency_pairs/ HTTP/1.1" 200 62032
2023-07-29 19:41:22,019 https://nummus.robinhood.com:443 "GET /currency_pairs/ HTTP/1.1" 200 62032
2023-07-29 19:41:22,155 https://api.robinhood.com:443 "GET /marketdata/forex/historicals/3d961844-d360-45fc-989b-f6fca761d511/?interval=5minute&span=day&bounds=24_7 HTTP/1.1" 200 None
2023-07-29 19:41:22,313 https://nummus.robinhood.com:443 "GET /currency_pairs/ HTTP/1.1" 200 62032
2023-07-29 19:41:22,438 https://api.robinhood.com:443 "GET /marketdata/forex/quotes/3d961844-d360-45fc-989b-f6fca761d511/ HTTP/1.1" 200 439
2023-07-29 19:41:22,597 https://nummus.robinhood.com:443 "GET /currency_pairs/ HTTP/1.1" 200 62032
2023-07-29 19:41:22,779 https://nummus.robinhood.com:443 "GET /currency_pairs/ HTTP/1.1" 200 62032
2023-07-29 19:41:22,906 https://api.robinhood.com:443 "GET /marketdata/forex/historicals/76637d50-c702-4ed1-bcb5-5b0732a81f48/?interval=5minute&span=day&bounds=24_7 HTTP/1.1" 200 None
2023-07-29 19:41:23,092 https://nummus.robinhood.com:443 "GET /currency_pairs/ HTTP/1.1" 200 62032
2023-07-29 19:41:23,185 https://api.robinhood.com:443 "GET /marketdata/forex/quotes/76637d50-c702-4ed1-bcb5-5b0732a81f48/ HTTP/1.1" 200 439
2023-07-29 19:41:23,340 https://nummus.robinhood.com:443 "GET /currency_pairs/ HTTP/1.1" 200 62032
2023-07-29 19:41:23,584 https://nummus.robinhood.com:443 "GET /currency_pairs/ HTTP/1.1" 200 62032
2023-07-29 19:41:23,718 https://api.robinhood.com:443 "GET /marketdata/forex/historicals/6f2afc32-702e-41ad-b232-ed26b77c1943/?interval=5minute&span=day&bounds=24_7 HTTP/1.1" 200 None
2023-07-29 19:41:23,973 https://nummus.robinhood.com:443 "GET /currency_pairs/ HTTP/1.1" 200 62032
2023-07-29 19:41:24,070 https://api.robinhood.com:443 "GET /marketdata/forex/quotes/6f2afc32-702e-41ad-b232-ed26b77c1943/ HTTP/1.1" 200 401
2023-07-29 19:41:24,187 https://nummus.robinhood.com:443 "GET /currency_pairs/ HTTP/1.1" 200 62032
2023-07-29 19:41:24,426 https://nummus.robinhood.com:443 "GET /currency_pairs/ HTTP/1.1" 200 62032
2023-07-29 19:41:24,568 https://api.robinhood.com:443 "GET /marketdata/forex/historicals/1ef78e1b-049b-4f12-90e5-555dcf2fe204/?interval=5minute&span=day&bounds=24_7 HTTP/1.1" 200 None
2023-07-29 19:41:24,748 https://nummus.robinhood.com:443 "GET /currency_pairs/ HTTP/1.1" 200 62032
2023-07-29 19:41:24,836 https://api.robinhood.com:443 "GET /marketdata/forex/quotes/1ef78e1b-049b-4f12-90e5-555dcf2fe204/ HTTP/1.1" 200 423
2023-07-29 19:41:25,050 https://nummus.robinhood.com:443 "GET /currency_pairs/ HTTP/1.1" 200 62032
2023-07-29 19:41:25,235 https://nummus.robinhood.com:443 "GET /currency_pairs/ HTTP/1.1" 200 62032
2023-07-29 19:41:25,369 https://api.robinhood.com:443 "GET /marketdata/forex/historicals/b668301c-44f9-4fbf-88e4-8140846f15ba/?interval=5minute&span=day&bounds=24_7 HTTP/1.1" 200 None
2023-07-29 19:41:25,641 https://nummus.robinhood.com:443 "GET /currency_pairs/ HTTP/1.1" 200 62032
2023-07-29 19:41:25,736 https://api.robinhood.com:443 "GET /marketdata/forex/quotes/b668301c-44f9-4fbf-88e4-8140846f15ba/ HTTP/1.1" 200 403
2023-07-29 19:41:25,891 https://nummus.robinhood.com:443 "GET /currency_pairs/ HTTP/1.1" 200 62032
2023-07-29 19:41:26,108 https://nummus.robinhood.com:443 "GET /currency_pairs/ HTTP/1.1" 200 62032
2023-07-29 19:41:26,266 https://api.robinhood.com:443 "GET /marketdata/forex/historicals/2d189ddb-bc0d-4aa4-bd6b-cd72e6679cd0/?interval=5minute&span=day&bounds=24_7 HTTP/1.1" 200 None
2023-07-29 19:41:26,587 https://nummus.robinhood.com:443 "GET /currency_pairs/ HTTP/1.1" 200 62032
2023-07-29 19:41:26,643 https://api.robinhood.com:443 "GET /marketdata/forex/quotes/2d189ddb-bc0d-4aa4-bd6b-cd72e6679cd0/ HTTP/1.1" 200 451
2023-07-29 19:41:26,869 https://nummus.robinhood.com:443 "GET /currency_pairs/ HTTP/1.1" 200 62032
2023-07-29 19:41:27,015 https://nummus.robinhood.com:443 "GET /currency_pairs/ HTTP/1.1" 200 62032
2023-07-29 19:41:27,116 https://api.robinhood.com:443 "GET /marketdata/forex/historicals/7b577ce3-489d-4269-9408-796a0d1abb3a/?interval=5minute&span=day&bounds=24_7 HTTP/1.1" 200 None
2023-07-29 19:41:27,299 https://nummus.robinhood.com:443 "GET /currency_pairs/ HTTP/1.1" 200 62032
2023-07-29 19:41:27,386 https://api.robinhood.com:443 "GET /marketdata/forex/quotes/7b577ce3-489d-4269-9408-796a0d1abb3a/ HTTP/1.1" 200 424
2023-07-29 19:41:27,502 https://nummus.robinhood.com:443 "GET /currency_pairs/ HTTP/1.1" 200 62032
2023-07-29 19:41:27,684 https://nummus.robinhood.com:443 "GET /currency_pairs/ HTTP/1.1" 200 62032
2023-07-29 19:41:27,811 https://api.robinhood.com:443 "GET /marketdata/forex/historicals/33316259-af8c-4f31-86a4-c5c07e12d625/?interval=5minute&span=day&bounds=24_7 HTTP/1.1" 200 None
2023-07-29 19:41:28,065 https://nummus.robinhood.com:443 "GET /currency_pairs/ HTTP/1.1" 200 62032
2023-07-29 19:41:28,155 https://api.robinhood.com:443 "GET /marketdata/forex/quotes/33316259-af8c-4f31-86a4-c5c07e12d625/ HTTP/1.1" 200 428
2023-07-29 19:41:28,303 https://nummus.robinhood.com:443 "GET /currency_pairs/ HTTP/1.1" 200 62032
2023-07-29 19:41:28,458 https://nummus.robinhood.com:443 "GET /currency_pairs/ HTTP/1.1" 200 62032
2023-07-29 19:41:28,614 https://api.robinhood.com:443 "GET /marketdata/forex/historicals/f649e71a-543b-4fd8-9faa-bc6c2c9e3d21/?interval=5minute&span=day&bounds=24_7 HTTP/1.1" 200 None
2023-07-29 19:41:28,758 https://nummus.robinhood.com:443 "GET /currency_pairs/ HTTP/1.1" 200 62032
2023-07-29 19:41:28,848 https://api.robinhood.com:443 "GET /marketdata/forex/quotes/f649e71a-543b-4fd8-9faa-bc6c2c9e3d21/ HTTP/1.1" 200 449
2023-07-29 19:41:28,967 https://nummus.robinhood.com:443 "GET /currency_pairs/ HTTP/1.1" 200 62032
2023-07-29 19:41:29,152 https://nummus.robinhood.com:443 "GET /currency_pairs/ HTTP/1.1" 200 62032
2023-07-29 19:41:29,282 https://api.robinhood.com:443 "GET /marketdata/forex/historicals/383280b1-ff53-43fc-9c84-f01afd0989cd/?interval=5minute&span=day&bounds=24_7 HTTP/1.1" 200 None
2023-07-29 19:41:29,471 https://nummus.robinhood.com:443 "GET /currency_pairs/ HTTP/1.1" 200 62032
2023-07-29 19:41:29,573 https://api.robinhood.com:443 "GET /marketdata/forex/quotes/383280b1-ff53-43fc-9c84-f01afd0989cd/ HTTP/1.1" 200 447
2023-07-29 19:41:29,724 https://nummus.robinhood.com:443 "GET /currency_pairs/ HTTP/1.1" 200 62032
2023-07-29 19:41:29,906 https://nummus.robinhood.com:443 "GET /currency_pairs/ HTTP/1.1" 200 62032
2023-07-29 19:41:30,036 https://api.robinhood.com:443 "GET /marketdata/forex/historicals/9f0a3a2e-e72e-4361-bf15-91d962487922/?interval=5minute&span=day&bounds=24_7 HTTP/1.1" 200 None
2023-07-29 19:41:30,236 https://nummus.robinhood.com:443 "GET /currency_pairs/ HTTP/1.1" 200 62032
2023-07-29 19:41:30,330 https://api.robinhood.com:443 "GET /marketdata/forex/quotes/9f0a3a2e-e72e-4361-bf15-91d962487922/ HTTP/1.1" 200 444
2023-07-29 19:41:30,474 https://nummus.robinhood.com:443 "GET /currency_pairs/ HTTP/1.1" 200 62032
2023-07-29 19:41:30,665 https://nummus.robinhood.com:443 "GET /currency_pairs/ HTTP/1.1" 200 62032
2023-07-29 19:41:30,794 https://api.robinhood.com:443 "GET /marketdata/forex/historicals/715af4b3-26d0-4cd0-ad07-7a1cf5dc734a/?interval=5minute&span=day&bounds=24_7 HTTP/1.1" 200 None
2023-07-29 19:41:31,021 https://nummus.robinhood.com:443 "GET /currency_pairs/ HTTP/1.1" 200 62032
2023-07-29 19:41:31,116 https://api.robinhood.com:443 "GET /marketdata/forex/quotes/715af4b3-26d0-4cd0-ad07-7a1cf5dc734a/ HTTP/1.1" 200 441
2023-07-29 19:41:31,274 https://nummus.robinhood.com:443 "GET /currency_pairs/ HTTP/1.1" 200 62032
2023-07-29 19:41:31,460 https://nummus.robinhood.com:443 "GET /currency_pairs/ HTTP/1.1" 200 62032
2023-07-29 19:41:31,554 https://api.robinhood.com:443 "GET /marketdata/forex/historicals/3a3d9131-b627-4782-95e6-aeb874558e99/?interval=5minute&span=day&bounds=24_7 HTTP/1.1" 200 None
2023-07-29 19:41:31,766 https://nummus.robinhood.com:443 "GET /currency_pairs/ HTTP/1.1" 200 62032
2023-07-29 19:41:31,867 https://api.robinhood.com:443 "GET /marketdata/forex/quotes/3a3d9131-b627-4782-95e6-aeb874558e99/ HTTP/1.1" 200 382
2023-07-29 19:41:32,021 https://nummus.robinhood.com:443 "GET /currency_pairs/ HTTP/1.1" 200 62032
2023-07-29 19:41:32,239 https://nummus.robinhood.com:443 "GET /currency_pairs/ HTTP/1.1" 200 62032
2023-07-29 19:41:32,364 https://api.robinhood.com:443 "GET /marketdata/forex/historicals/0cdc8c93-fbda-462f-94b7-26353d87a009/?interval=5minute&span=day&bounds=24_7 HTTP/1.1" 200 None
2023-07-29 19:41:32,520 https://nummus.robinhood.com:443 "GET /currency_pairs/ HTTP/1.1" 200 62032
2023-07-29 19:41:32,611 https://api.robinhood.com:443 "GET /marketdata/forex/quotes/0cdc8c93-fbda-462f-94b7-26353d87a009/ HTTP/1.1" 200 395
2023-07-29 19:41:32,819 https://nummus.robinhood.com:443 "GET /currency_pairs/ HTTP/1.1" 200 62032
2023-07-29 19:41:32,973 https://nummus.robinhood.com:443 "GET /currency_pairs/ HTTP/1.1" 200 62032
2023-07-29 19:41:33,076 https://api.robinhood.com:443 "GET /marketdata/forex/historicals/f62a25b6-31c0-4c92-846d-3c8105627b62/?interval=5minute&span=day&bounds=24_7 HTTP/1.1" 200 None
2023-07-29 19:41:33,332 https://nummus.robinhood.com:443 "GET /currency_pairs/ HTTP/1.1" 200 62032
2023-07-29 19:41:33,429 https://api.robinhood.com:443 "GET /marketdata/forex/quotes/f62a25b6-31c0-4c92-846d-3c8105627b62/ HTTP/1.1" 200 439
2023-07-29 19:41:33,583 https://nummus.robinhood.com:443 "GET /currency_pairs/ HTTP/1.1" 200 62032
2023-07-29 19:41:33,728 https://nummus.robinhood.com:443 "GET /currency_pairs/ HTTP/1.1" 200 62032
2023-07-29 19:41:33,857 https://api.robinhood.com:443 "GET /marketdata/forex/historicals/7a04fe7a-e3a8-4a07-8c35-d0fec9f35569/?interval=5minute&span=day&bounds=24_7 HTTP/1.1" 200 None
2023-07-29 19:41:34,057 https://nummus.robinhood.com:443 "GET /currency_pairs/ HTTP/1.1" 200 62032
2023-07-29 19:41:34,148 https://api.robinhood.com:443 "GET /marketdata/forex/quotes/7a04fe7a-e3a8-4a07-8c35-d0fec9f35569/ HTTP/1.1" 200 451
2023-07-29 19:41:34,293 https://nummus.robinhood.com:443 "GET /currency_pairs/ HTTP/1.1" 200 62032
2023-07-29 19:41:34,478 https://nummus.robinhood.com:443 "GET /currency_pairs/ HTTP/1.1" 200 62032
2023-07-29 19:41:34,607 https://api.robinhood.com:443 "GET /marketdata/forex/historicals/2f2b77c4-e426-4271-ae49-18d5cb296d3a/?interval=5minute&span=day&bounds=24_7 HTTP/1.1" 200 None
2023-07-29 19:41:34,792 https://nummus.robinhood.com:443 "GET /currency_pairs/ HTTP/1.1" 200 62032
2023-07-29 19:41:34,889 https://api.robinhood.com:443 "GET /marketdata/forex/quotes/2f2b77c4-e426-4271-ae49-18d5cb296d3a/ HTTP/1.1" 200 438
2023-07-29 19:41:35,041 https://nummus.robinhood.com:443 "GET /currency_pairs/ HTTP/1.1" 200 62032
2023-07-29 19:41:35,193 https://nummus.robinhood.com:443 "GET /currency_pairs/ HTTP/1.1" 200 62032
2023-07-29 19:41:35,356 https://api.robinhood.com:443 "GET /marketdata/forex/historicals/022bb5c2-d394-4e1c-a8c0-5b16ce1eab8d/?interval=5minute&span=day&bounds=24_7 HTTP/1.1" 200 None
2023-07-29 19:41:35,551 https://nummus.robinhood.com:443 "GET /currency_pairs/ HTTP/1.1" 200 62032
2023-07-29 19:41:35,640 https://api.robinhood.com:443 "GET /marketdata/forex/quotes/022bb5c2-d394-4e1c-a8c0-5b16ce1eab8d/ HTTP/1.1" 200 433
2023-07-29 19:41:35,705 Calculating signals...
2023-07-29 19:41:35,709   Calculating signals for BTC...
2023-07-29 19:41:35,721   df date: 0      2023-07-29T00:40:00Z
1      2023-07-29T00:45:00Z
2      2023-07-29T00:50:00Z
3      2023-07-29T00:55:00Z
4      2023-07-29T01:00:00Z
               ...         
283    2023-07-30T00:15:00Z
284    2023-07-30T00:20:00Z
285    2023-07-30T00:25:00Z
286    2023-07-30T00:30:00Z
287    2023-07-30T00:35:00Z
Name: date, Length: 288, dtype: object
2023-07-29 19:41:35,721 casting df data to floats...
2023-07-29 19:41:35,760 current price: 29342.715, rsi: 45.75277943111297 --> buy signal increased by 1 to 2
2023-07-29 19:41:35,763   Calculating signals for ETH...
2023-07-29 19:41:35,769   df date: 0      2023-07-29T00:40:00Z
1      2023-07-29T00:45:00Z
2      2023-07-29T00:50:00Z
3      2023-07-29T00:55:00Z
4      2023-07-29T01:00:00Z
               ...         
283    2023-07-30T00:15:00Z
284    2023-07-30T00:20:00Z
285    2023-07-30T00:25:00Z
286    2023-07-30T00:30:00Z
287    2023-07-30T00:35:00Z
Name: date, Length: 288, dtype: object
2023-07-29 19:41:35,769 casting df data to floats...
2023-07-29 19:41:35,798 current price: 1879.585, rsi: 43.91409794040167 --> buy signal increased by 1 to 2
2023-07-29 19:41:35,800   Calculating signals for ADA...
2023-07-29 19:41:35,806   df date: 0      2023-07-29T00:40:00Z
1      2023-07-29T00:45:00Z
2      2023-07-29T00:50:00Z
3      2023-07-29T00:55:00Z
4      2023-07-29T01:00:00Z
               ...         
283    2023-07-30T00:15:00Z
284    2023-07-30T00:20:00Z
285    2023-07-30T00:25:00Z
286    2023-07-30T00:30:00Z
287    2023-07-30T00:35:00Z
Name: date, Length: 288, dtype: object
2023-07-29 19:41:35,806 casting df data to floats...
2023-07-29 19:41:35,839   Calculating signals for DOG...
2023-07-29 19:41:35,845   df date: 0      2023-07-29T00:40:00Z
1      2023-07-29T00:45:00Z
2      2023-07-29T00:50:00Z
3      2023-07-29T00:55:00Z
4      2023-07-29T01:00:00Z
               ...         
283    2023-07-30T00:15:00Z
284    2023-07-30T00:20:00Z
285    2023-07-30T00:25:00Z
286    2023-07-30T00:30:00Z
287    2023-07-30T00:35:00Z
Name: date, Length: 288, dtype: object
2023-07-29 19:41:35,846 casting df data to floats...
2023-07-29 19:41:35,876 current price: 0.08002, rsi: 42.93222708761014 --> buy signal increased by 1 to 2
2023-07-29 19:41:35,879   Calculating signals for MAT...
2023-07-29 19:41:35,884   df date: 0      2023-07-29T00:40:00Z
1      2023-07-29T00:45:00Z
2      2023-07-29T00:50:00Z
3      2023-07-29T00:55:00Z
4      2023-07-29T01:00:00Z
               ...         
283    2023-07-30T00:15:00Z
284    2023-07-30T00:20:00Z
285    2023-07-30T00:25:00Z
286    2023-07-30T00:30:00Z
287    2023-07-30T00:35:00Z
Name: date, Length: 288, dtype: object
2023-07-29 19:41:35,885 casting df data to floats...
2023-07-29 19:41:35,911 current price: 0.7176, rsi: 43.593557419162195 --> buy signal increased by 1 to 2
2023-07-29 19:41:35,913   Calculating signals for SHI...
2023-07-29 19:41:35,919   df date: 0      2023-07-29T00:40:00Z
1      2023-07-29T00:45:00Z
2      2023-07-29T00:50:00Z
3      2023-07-29T00:55:00Z
4      2023-07-29T01:00:00Z
               ...         
283    2023-07-30T00:15:00Z
284    2023-07-30T00:20:00Z
285    2023-07-30T00:25:00Z
286    2023-07-30T00:30:00Z
287    2023-07-30T00:35:00Z
Name: date, Length: 288, dtype: object
2023-07-29 19:41:35,919 casting df data to floats...
2023-07-29 19:41:35,944 current price: 8.52e-06, rsi: 48.5199340705165 --> buy signal increased by 1 to 2
2023-07-29 19:41:35,947   Calculating signals for ETC...
2023-07-29 19:41:35,952   df date: 0      2023-07-29T00:40:00Z
1      2023-07-29T00:45:00Z
2      2023-07-29T00:50:00Z
3      2023-07-29T00:55:00Z
4      2023-07-29T01:00:00Z
               ...         
283    2023-07-30T00:15:00Z
284    2023-07-30T00:20:00Z
285    2023-07-30T00:25:00Z
286    2023-07-30T00:30:00Z
287    2023-07-30T00:35:00Z
Name: date, Length: 288, dtype: object
2023-07-29 19:41:35,952 casting df data to floats...
2023-07-29 19:41:35,977 current price: 18.577, rsi: 48.53710427476936 --> buy signal increased by 1 to 2
2023-07-29 19:41:35,980   Calculating signals for UNI...
2023-07-29 19:41:35,985   df date: 0      2023-07-29T00:40:00Z
1      2023-07-29T00:45:00Z
2      2023-07-29T00:50:00Z
3      2023-07-29T00:55:00Z
4      2023-07-29T01:00:00Z
               ...         
283    2023-07-30T00:15:00Z
284    2023-07-30T00:20:00Z
285    2023-07-30T00:25:00Z
286    2023-07-30T00:30:00Z
287    2023-07-30T00:35:00Z
Name: date, Length: 288, dtype: object
2023-07-29 19:41:35,985 casting df data to floats...
2023-07-29 19:41:36,011 current price: 6.3215, rsi: 48.978951928434945 --> buy signal increased by 1 to 2
2023-07-29 19:41:36,013   Calculating signals for AAV...
2023-07-29 19:41:36,018   df date: 0      2023-07-29T00:40:00Z
1      2023-07-29T00:45:00Z
2      2023-07-29T00:50:00Z
3      2023-07-29T00:55:00Z
4      2023-07-29T01:00:00Z
               ...         
283    2023-07-30T00:15:00Z
284    2023-07-30T00:20:00Z
285    2023-07-30T00:25:00Z
286    2023-07-30T00:30:00Z
287    2023-07-30T00:35:00Z
Name: date, Length: 288, dtype: object
2023-07-29 19:41:36,018 casting df data to floats...
2023-07-29 19:41:36,046   Calculating signals for LTC...
2023-07-29 19:41:36,052   df date: 0      2023-07-29T00:40:00Z
1      2023-07-29T00:45:00Z
2      2023-07-29T00:50:00Z
3      2023-07-29T00:55:00Z
4      2023-07-29T01:00:00Z
               ...         
283    2023-07-30T00:15:00Z
284    2023-07-30T00:20:00Z
285    2023-07-30T00:25:00Z
286    2023-07-30T00:30:00Z
287    2023-07-30T00:35:00Z
Name: date, Length: 288, dtype: object
2023-07-29 19:41:36,052 casting df data to floats...
2023-07-29 19:41:36,078 current price: 94.23, rsi: 56.57305706572627 --> buy signal increased by 1 to 2
2023-07-29 19:41:36,080   Calculating signals for LIN...
2023-07-29 19:41:36,086   df date: 0      2023-07-29T00:40:00Z
1      2023-07-29T00:45:00Z
2      2023-07-29T00:50:00Z
3      2023-07-29T00:55:00Z
4      2023-07-29T01:00:00Z
               ...         
283    2023-07-30T00:15:00Z
284    2023-07-30T00:20:00Z
285    2023-07-30T00:25:00Z
286    2023-07-30T00:30:00Z
287    2023-07-30T00:35:00Z
Name: date, Length: 288, dtype: object
2023-07-29 19:41:36,086 casting df data to floats...
2023-07-29 19:41:36,111 current price: 7.8185, rsi: 42.86079537780499 --> buy signal increased by 1 to 2
2023-07-29 19:41:36,113   Calculating signals for COM...
2023-07-29 19:41:36,119   df date: 0      2023-07-29T00:40:00Z
1      2023-07-29T00:45:00Z
2      2023-07-29T00:50:00Z
3      2023-07-29T00:55:00Z
4      2023-07-29T01:00:00Z
               ...         
283    2023-07-30T00:15:00Z
284    2023-07-30T00:20:00Z
285    2023-07-30T00:25:00Z
286    2023-07-30T00:30:00Z
287    2023-07-30T00:35:00Z
Name: date, Length: 288, dtype: object
2023-07-29 19:41:36,119 casting df data to floats...
2023-07-29 19:41:36,144 current price: 71.9192585, rsi: 44.21297836854221 --> sell signal increased by 1 to 2
2023-07-29 19:41:36,146   Calculating signals for USD...
2023-07-29 19:41:36,151   df date: 0      2023-07-29T00:40:00Z
1      2023-07-29T00:45:00Z
2      2023-07-29T00:50:00Z
3      2023-07-29T00:55:00Z
4      2023-07-29T01:00:00Z
               ...         
283    2023-07-30T00:15:00Z
284    2023-07-30T00:20:00Z
285    2023-07-30T00:25:00Z
286    2023-07-30T00:30:00Z
287    2023-07-30T00:35:00Z
Name: date, Length: 288, dtype: object
2023-07-29 19:41:36,152 casting df data to floats...
2023-07-29 19:41:36,180   Calculating signals for SOL...
2023-07-29 19:41:36,185   df date: 0      2023-07-29T00:40:00Z
1      2023-07-29T00:45:00Z
2      2023-07-29T00:50:00Z
3      2023-07-29T00:55:00Z
4      2023-07-29T01:00:00Z
               ...         
283    2023-07-30T00:15:00Z
284    2023-07-30T00:20:00Z
285    2023-07-30T00:25:00Z
286    2023-07-30T00:30:00Z
287    2023-07-30T00:35:00Z
Name: date, Length: 288, dtype: object
2023-07-29 19:41:36,185 casting df data to floats...
2023-07-29 19:41:36,213 current price: 25.13, rsi: 42.636153779952394 --> buy signal increased by 1 to 1
2023-07-29 19:41:36,215   Calculating signals for AVA...
2023-07-29 19:41:36,221   df date: 0      2023-07-29T00:40:00Z
1      2023-07-29T00:45:00Z
2      2023-07-29T00:50:00Z
3      2023-07-29T00:55:00Z
4      2023-07-29T01:00:00Z
               ...         
283    2023-07-30T00:15:00Z
284    2023-07-30T00:20:00Z
285    2023-07-30T00:25:00Z
286    2023-07-30T00:30:00Z
287    2023-07-30T00:35:00Z
Name: date, Length: 288, dtype: object
2023-07-29 19:41:36,222 casting df data to floats...
2023-07-29 19:41:36,251 current price: 13.2335, rsi: 50.77306071020678 --> sell signal increased by 1 to 1
2023-07-29 19:41:36,253   Calculating signals for XLM...
2023-07-29 19:41:36,259   df date: 0      2023-07-29T00:40:00Z
1      2023-07-29T00:45:00Z
2      2023-07-29T00:50:00Z
3      2023-07-29T00:55:00Z
4      2023-07-29T01:00:00Z
               ...         
283    2023-07-30T00:15:00Z
284    2023-07-30T00:20:00Z
285    2023-07-30T00:25:00Z
286    2023-07-30T00:30:00Z
287    2023-07-30T00:35:00Z
Name: date, Length: 288, dtype: object
2023-07-29 19:41:36,259 casting df data to floats...
2023-07-29 19:41:36,288 current price: 0.15816349, rsi: 42.61410606752553 --> buy signal increased by 1 to 1
2023-07-29 19:41:36,290   Calculating signals for BCH...
2023-07-29 19:41:36,296   df date: 0      2023-07-29T00:40:00Z
1      2023-07-29T00:45:00Z
2      2023-07-29T00:50:00Z
3      2023-07-29T00:55:00Z
4      2023-07-29T01:00:00Z
               ...         
283    2023-07-30T00:15:00Z
284    2023-07-30T00:20:00Z
285    2023-07-30T00:25:00Z
286    2023-07-30T00:30:00Z
287    2023-07-30T00:35:00Z
Name: date, Length: 288, dtype: object
2023-07-29 19:41:36,296 casting df data to floats...
2023-07-29 19:41:36,325 current price: 241.885, rsi: 55.14481704861179 --> sell signal increased by 1 to 1
2023-07-29 19:41:36,328   Calculating signals for XTZ...
2023-07-29 19:41:36,334   df date: 0      2023-07-29T00:40:00Z
1      2023-07-29T00:45:00Z
2      2023-07-29T00:50:00Z
3      2023-07-29T00:55:00Z
4      2023-07-29T01:00:00Z
               ...         
283    2023-07-30T00:15:00Z
284    2023-07-30T00:20:00Z
285    2023-07-30T00:25:00Z
286    2023-07-30T00:30:00Z
287    2023-07-30T00:35:00Z
Name: date, Length: 288, dtype: object
2023-07-29 19:41:36,334 casting df data to floats...
2023-07-29 19:41:36,359 current price: 0.83975, rsi: 43.55681900126983 --> buy signal increased by 1 to 2
2023-07-29 19:41:36,438 https://api.robinhood.com:443 "GET /accounts/ HTTP/1.1" 200 3019
2023-07-29 19:41:36,589 https://nummus.robinhood.com:443 "GET /currency_pairs/ HTTP/1.1" 200 62032
2023-07-29 19:41:36,681 https://api.robinhood.com:443 "GET /marketdata/forex/quotes/3d961844-d360-45fc-989b-f6fca761d511/ HTTP/1.1" 200 436
2023-07-29 19:41:36,759 https://api.robinhood.com:443 "GET /accounts/ HTTP/1.1" 200 3019
2023-07-29 19:41:36,906 https://nummus.robinhood.com:443 "GET /currency_pairs/ HTTP/1.1" 200 62032
2023-07-29 19:41:36,995 https://api.robinhood.com:443 "GET /marketdata/forex/quotes/76637d50-c702-4ed1-bcb5-5b0732a81f48/ HTTP/1.1" 200 439
2023-07-29 19:41:37,068 https://api.robinhood.com:443 "GET /accounts/ HTTP/1.1" 200 3019
2023-07-29 19:41:37,221 https://nummus.robinhood.com:443 "GET /currency_pairs/ HTTP/1.1" 200 62032
2023-07-29 19:41:37,316 https://api.robinhood.com:443 "GET /marketdata/forex/quotes/6f2afc32-702e-41ad-b232-ed26b77c1943/ HTTP/1.1" 200 401
2023-07-29 19:41:38,545 https://nummus.robinhood.com:443 "GET /currency_pairs/ HTTP/1.1" 200 62032
2023-07-29 19:41:38,637 https://api.robinhood.com:443 "GET /marketdata/forex/quotes/6f2afc32-702e-41ad-b232-ed26b77c1943/ HTTP/1.1" 200 401
2023-07-29 19:41:38,724 https://nummus.robinhood.com:443 "GET /accounts/ HTTP/1.1" 200 1299
2023-07-29 19:41:38,813 https://nummus.robinhood.com:443 "POST /orders/ HTTP/1.1" 400 64
2023-07-29 19:41:39,910 https://api.robinhood.com:443 "GET /accounts/ HTTP/1.1" 200 3019
2023-07-29 19:41:40,079 https://nummus.robinhood.com:443 "GET /currency_pairs/ HTTP/1.1" 200 62032
2023-07-29 19:41:40,168 https://api.robinhood.com:443 "GET /marketdata/forex/quotes/7b577ce3-489d-4269-9408-796a0d1abb3a/ HTTP/1.1" 200 424
2023-07-29 19:41:40,240 https://api.robinhood.com:443 "GET /accounts/ HTTP/1.1" 200 3019
2023-07-29 19:41:40,390 https://nummus.robinhood.com:443 "GET /currency_pairs/ HTTP/1.1" 200 62032
2023-07-29 19:41:40,545 https://api.robinhood.com:443 "GET /marketdata/forex/quotes/33316259-af8c-4f31-86a4-c5c07e12d625/ HTTP/1.1" 200 407
2023-07-29 19:41:41,774 https://nummus.robinhood.com:443 "GET /currency_pairs/ HTTP/1.1" 200 62032
2023-07-29 19:41:41,868 https://api.robinhood.com:443 "GET /marketdata/forex/quotes/33316259-af8c-4f31-86a4-c5c07e12d625/ HTTP/1.1" 200 407
2023-07-29 19:41:42,020 https://nummus.robinhood.com:443 "GET /accounts/ HTTP/1.1" 200 1299
2023-07-29 19:41:42,103 https://nummus.robinhood.com:443 "POST /orders/ HTTP/1.1" 400 148
2023-07-29 19:41:44,180 https://api.robinhood.com:443 "GET /accounts/ HTTP/1.1" 200 3019
2023-07-29 19:41:44,350 https://nummus.robinhood.com:443 "GET /currency_pairs/ HTTP/1.1" 200 62032
2023-07-29 19:41:44,445 https://api.robinhood.com:443 "GET /marketdata/forex/quotes/383280b1-ff53-43fc-9c84-f01afd0989cd/ HTTP/1.1" 200 446
2023-07-29 19:41:44,535 https://api.robinhood.com:443 "GET /accounts/ HTTP/1.1" 200 3019
2023-07-29 19:41:44,697 https://nummus.robinhood.com:443 "GET /currency_pairs/ HTTP/1.1" 200 62032
2023-07-29 19:41:44,792 https://api.robinhood.com:443 "GET /marketdata/forex/quotes/022bb5c2-d394-4e1c-a8c0-5b16ce1eab8d/ HTTP/1.1" 200 433
2023-07-29 19:41:45,993 https://nummus.robinhood.com:443 "GET /currency_pairs/ HTTP/1.1" 200 62032
2023-07-29 19:41:46,118 https://api.robinhood.com:443 "GET /marketdata/forex/quotes/022bb5c2-d394-4e1c-a8c0-5b16ce1eab8d/ HTTP/1.1" 200 433
2023-07-29 19:41:46,185 https://nummus.robinhood.com:443 "GET /accounts/ HTTP/1.1" 200 1299
2023-07-29 19:41:46,275 https://nummus.robinhood.com:443 "POST /orders/ HTTP/1.1" 400 97
2023-07-29 19:41:48,434 https://api.robinhood.com:443 "GET /accounts/ HTTP/1.1" 200 3019
2023-07-29 19:42:08,442 Finished executing orders for 2023-07-29 19:42:08.441523-05:00...
2023-07-29 19:44:01,363 Started
2023-07-29 19:44:01,398 Using selector: KqueueSelector
2023-07-29 19:44:01,526 Starting new HTTPS connection (1): nummus.robinhood.com:443
2023-07-29 19:44:01,539 https://api.robinhood.com:443 "GET /accounts/ HTTP/1.1" 200 3019
2023-07-29 19:44:01,873 https://nummus.robinhood.com:443 "GET /holdings/ HTTP/1.1" 200 24089
2023-07-29 19:44:02,155 https://nummus.robinhood.com:443 "GET /currency_pairs/ HTTP/1.1" 200 62032
2023-07-29 19:44:02,353 https://nummus.robinhood.com:443 "GET /currency_pairs/ HTTP/1.1" 200 62032
2023-07-29 19:44:02,481 https://api.robinhood.com:443 "GET /marketdata/forex/historicals/3d961844-d360-45fc-989b-f6fca761d511/?interval=5minute&span=day&bounds=24_7 HTTP/1.1" 200 None
2023-07-29 19:44:02,659 https://nummus.robinhood.com:443 "GET /currency_pairs/ HTTP/1.1" 200 62032
2023-07-29 19:44:02,750 https://api.robinhood.com:443 "GET /marketdata/forex/quotes/3d961844-d360-45fc-989b-f6fca761d511/ HTTP/1.1" 200 438
2023-07-29 19:44:02,975 https://nummus.robinhood.com:443 "GET /currency_pairs/ HTTP/1.1" 200 62032
2023-07-29 19:44:03,161 https://nummus.robinhood.com:443 "GET /currency_pairs/ HTTP/1.1" 200 62032
2023-07-29 19:44:03,294 https://api.robinhood.com:443 "GET /marketdata/forex/historicals/76637d50-c702-4ed1-bcb5-5b0732a81f48/?interval=5minute&span=day&bounds=24_7 HTTP/1.1" 200 None
2023-07-29 19:44:03,466 https://nummus.robinhood.com:443 "GET /currency_pairs/ HTTP/1.1" 200 62032
2023-07-29 19:44:03,553 https://api.robinhood.com:443 "GET /marketdata/forex/quotes/76637d50-c702-4ed1-bcb5-5b0732a81f48/ HTTP/1.1" 200 442
2023-07-29 19:44:03,719 https://nummus.robinhood.com:443 "GET /currency_pairs/ HTTP/1.1" 200 62032
2023-07-29 19:44:03,968 https://nummus.robinhood.com:443 "GET /currency_pairs/ HTTP/1.1" 200 62032
2023-07-29 19:44:04,098 https://api.robinhood.com:443 "GET /marketdata/forex/historicals/6f2afc32-702e-41ad-b232-ed26b77c1943/?interval=5minute&span=day&bounds=24_7 HTTP/1.1" 200 None
2023-07-29 19:44:04,279 https://nummus.robinhood.com:443 "GET /currency_pairs/ HTTP/1.1" 200 62032
2023-07-29 19:44:04,369 https://api.robinhood.com:443 "GET /marketdata/forex/quotes/6f2afc32-702e-41ad-b232-ed26b77c1943/ HTTP/1.1" 200 401
2023-07-29 19:44:04,580 https://nummus.robinhood.com:443 "GET /currency_pairs/ HTTP/1.1" 200 62032
2023-07-29 19:44:04,733 https://nummus.robinhood.com:443 "GET /currency_pairs/ HTTP/1.1" 200 62032
2023-07-29 19:44:04,898 https://api.robinhood.com:443 "GET /marketdata/forex/historicals/1ef78e1b-049b-4f12-90e5-555dcf2fe204/?interval=5minute&span=day&bounds=24_7 HTTP/1.1" 200 None
2023-07-29 19:44:05,145 https://nummus.robinhood.com:443 "GET /currency_pairs/ HTTP/1.1" 200 62032
2023-07-29 19:44:05,234 https://api.robinhood.com:443 "GET /marketdata/forex/quotes/1ef78e1b-049b-4f12-90e5-555dcf2fe204/ HTTP/1.1" 200 436
2023-07-29 19:44:05,384 https://nummus.robinhood.com:443 "GET /currency_pairs/ HTTP/1.1" 200 62032
2023-07-29 19:44:05,576 https://nummus.robinhood.com:443 "GET /currency_pairs/ HTTP/1.1" 200 62032
2023-07-29 19:44:05,704 https://api.robinhood.com:443 "GET /marketdata/forex/historicals/b668301c-44f9-4fbf-88e4-8140846f15ba/?interval=5minute&span=day&bounds=24_7 HTTP/1.1" 200 None
2023-07-29 19:44:05,853 https://nummus.robinhood.com:443 "GET /currency_pairs/ HTTP/1.1" 200 62032
2023-07-29 19:44:05,943 https://api.robinhood.com:443 "GET /marketdata/forex/quotes/b668301c-44f9-4fbf-88e4-8140846f15ba/ HTTP/1.1" 200 403
2023-07-29 19:44:06,099 https://nummus.robinhood.com:443 "GET /currency_pairs/ HTTP/1.1" 200 62032
2023-07-29 19:44:06,282 https://nummus.robinhood.com:443 "GET /currency_pairs/ HTTP/1.1" 200 62032
2023-07-29 19:44:06,416 https://api.robinhood.com:443 "GET /marketdata/forex/historicals/2d189ddb-bc0d-4aa4-bd6b-cd72e6679cd0/?interval=5minute&span=day&bounds=24_7 HTTP/1.1" 200 None
2023-07-29 19:44:06,567 https://nummus.robinhood.com:443 "GET /currency_pairs/ HTTP/1.1" 200 62032
2023-07-29 19:44:06,657 https://api.robinhood.com:443 "GET /marketdata/forex/quotes/2d189ddb-bc0d-4aa4-bd6b-cd72e6679cd0/ HTTP/1.1" 200 439
2023-07-29 19:44:06,772 https://nummus.robinhood.com:443 "GET /currency_pairs/ HTTP/1.1" 200 62032
2023-07-29 19:44:06,925 https://nummus.robinhood.com:443 "GET /currency_pairs/ HTTP/1.1" 200 62032
2023-07-29 19:44:07,053 https://api.robinhood.com:443 "GET /marketdata/forex/historicals/7b577ce3-489d-4269-9408-796a0d1abb3a/?interval=5minute&span=day&bounds=24_7 HTTP/1.1" 200 None
2023-07-29 19:44:07,199 https://nummus.robinhood.com:443 "GET /currency_pairs/ HTTP/1.1" 200 62032
2023-07-29 19:44:07,260 https://api.robinhood.com:443 "GET /marketdata/forex/quotes/7b577ce3-489d-4269-9408-796a0d1abb3a/ HTTP/1.1" 200 431
2023-07-29 19:44:07,404 https://nummus.robinhood.com:443 "GET /currency_pairs/ HTTP/1.1" 200 62032
2023-07-29 19:44:07,556 https://nummus.robinhood.com:443 "GET /currency_pairs/ HTTP/1.1" 200 62032
2023-07-29 19:44:07,679 https://api.robinhood.com:443 "GET /marketdata/forex/historicals/33316259-af8c-4f31-86a4-c5c07e12d625/?interval=5minute&span=day&bounds=24_7 HTTP/1.1" 200 None
2023-07-29 19:44:07,896 https://nummus.robinhood.com:443 "GET /currency_pairs/ HTTP/1.1" 200 62032
2023-07-29 19:44:07,984 https://api.robinhood.com:443 "GET /marketdata/forex/quotes/33316259-af8c-4f31-86a4-c5c07e12d625/ HTTP/1.1" 200 426
2023-07-29 19:44:08,133 https://nummus.robinhood.com:443 "GET /currency_pairs/ HTTP/1.1" 200 62032
2023-07-29 19:44:08,282 https://nummus.robinhood.com:443 "GET /currency_pairs/ HTTP/1.1" 200 62032
2023-07-29 19:44:08,405 https://api.robinhood.com:443 "GET /marketdata/forex/historicals/f649e71a-543b-4fd8-9faa-bc6c2c9e3d21/?interval=5minute&span=day&bounds=24_7 HTTP/1.1" 200 None
2023-07-29 19:44:08,591 https://nummus.robinhood.com:443 "GET /currency_pairs/ HTTP/1.1" 200 62032
2023-07-29 19:44:08,684 https://api.robinhood.com:443 "GET /marketdata/forex/quotes/f649e71a-543b-4fd8-9faa-bc6c2c9e3d21/ HTTP/1.1" 200 425
2023-07-29 19:44:08,843 https://nummus.robinhood.com:443 "GET /currency_pairs/ HTTP/1.1" 200 62032
2023-07-29 19:44:09,024 https://nummus.robinhood.com:443 "GET /currency_pairs/ HTTP/1.1" 200 62032
2023-07-29 19:44:09,156 https://api.robinhood.com:443 "GET /marketdata/forex/historicals/383280b1-ff53-43fc-9c84-f01afd0989cd/?interval=5minute&span=day&bounds=24_7 HTTP/1.1" 200 None
2023-07-29 19:44:09,331 https://nummus.robinhood.com:443 "GET /currency_pairs/ HTTP/1.1" 200 62032
2023-07-29 19:44:09,421 https://api.robinhood.com:443 "GET /marketdata/forex/quotes/383280b1-ff53-43fc-9c84-f01afd0989cd/ HTTP/1.1" 200 443
2023-07-29 19:44:09,566 https://nummus.robinhood.com:443 "GET /currency_pairs/ HTTP/1.1" 200 62032
2023-07-29 19:44:09,723 https://nummus.robinhood.com:443 "GET /currency_pairs/ HTTP/1.1" 200 62032
2023-07-29 19:44:09,875 https://api.robinhood.com:443 "GET /marketdata/forex/historicals/9f0a3a2e-e72e-4361-bf15-91d962487922/?interval=5minute&span=day&bounds=24_7 HTTP/1.1" 200 None
2023-07-29 19:44:10,122 https://nummus.robinhood.com:443 "GET /currency_pairs/ HTTP/1.1" 200 62032
2023-07-29 19:44:10,213 https://api.robinhood.com:443 "GET /marketdata/forex/quotes/9f0a3a2e-e72e-4361-bf15-91d962487922/ HTTP/1.1" 200 455
2023-07-29 19:44:10,361 https://nummus.robinhood.com:443 "GET /currency_pairs/ HTTP/1.1" 200 62032
2023-07-29 19:44:10,507 https://nummus.robinhood.com:443 "GET /currency_pairs/ HTTP/1.1" 200 62032
2023-07-29 19:44:10,666 https://api.robinhood.com:443 "GET /marketdata/forex/historicals/715af4b3-26d0-4cd0-ad07-7a1cf5dc734a/?interval=5minute&span=day&bounds=24_7 HTTP/1.1" 200 None
2023-07-29 19:44:10,809 https://nummus.robinhood.com:443 "GET /currency_pairs/ HTTP/1.1" 200 62032
2023-07-29 19:44:10,869 https://api.robinhood.com:443 "GET /marketdata/forex/quotes/715af4b3-26d0-4cd0-ad07-7a1cf5dc734a/ HTTP/1.1" 200 438
2023-07-29 19:44:10,980 https://nummus.robinhood.com:443 "GET /currency_pairs/ HTTP/1.1" 200 62032
2023-07-29 19:44:11,196 https://nummus.robinhood.com:443 "GET /currency_pairs/ HTTP/1.1" 200 62032
2023-07-29 19:44:11,325 https://api.robinhood.com:443 "GET /marketdata/forex/historicals/3a3d9131-b627-4782-95e6-aeb874558e99/?interval=5minute&span=day&bounds=24_7 HTTP/1.1" 200 None
2023-07-29 19:44:11,479 https://nummus.robinhood.com:443 "GET /currency_pairs/ HTTP/1.1" 200 62032
2023-07-29 19:44:11,572 https://api.robinhood.com:443 "GET /marketdata/forex/quotes/3a3d9131-b627-4782-95e6-aeb874558e99/ HTTP/1.1" 200 382
2023-07-29 19:44:11,694 https://nummus.robinhood.com:443 "GET /currency_pairs/ HTTP/1.1" 200 62032
2023-07-29 19:44:11,872 https://nummus.robinhood.com:443 "GET /currency_pairs/ HTTP/1.1" 200 62032
2023-07-29 19:44:11,998 https://api.robinhood.com:443 "GET /marketdata/forex/historicals/0cdc8c93-fbda-462f-94b7-26353d87a009/?interval=5minute&span=day&bounds=24_7 HTTP/1.1" 200 None
2023-07-29 19:44:12,149 https://nummus.robinhood.com:443 "GET /currency_pairs/ HTTP/1.1" 200 62032
2023-07-29 19:44:12,239 https://api.robinhood.com:443 "GET /marketdata/forex/quotes/0cdc8c93-fbda-462f-94b7-26353d87a009/ HTTP/1.1" 200 395
2023-07-29 19:44:12,398 https://nummus.robinhood.com:443 "GET /currency_pairs/ HTTP/1.1" 200 62032
2023-07-29 19:44:12,595 https://nummus.robinhood.com:443 "GET /currency_pairs/ HTTP/1.1" 200 62032
2023-07-29 19:44:12,720 https://api.robinhood.com:443 "GET /marketdata/forex/historicals/f62a25b6-31c0-4c92-846d-3c8105627b62/?interval=5minute&span=day&bounds=24_7 HTTP/1.1" 200 None
2023-07-29 19:44:12,879 https://nummus.robinhood.com:443 "GET /currency_pairs/ HTTP/1.1" 200 62032
2023-07-29 19:44:13,003 https://api.robinhood.com:443 "GET /marketdata/forex/quotes/f62a25b6-31c0-4c92-846d-3c8105627b62/ HTTP/1.1" 200 438
2023-07-29 19:44:13,161 https://nummus.robinhood.com:443 "GET /currency_pairs/ HTTP/1.1" 200 62032
2023-07-29 19:44:13,321 https://nummus.robinhood.com:443 "GET /currency_pairs/ HTTP/1.1" 200 62032
2023-07-29 19:44:13,452 https://api.robinhood.com:443 "GET /marketdata/forex/historicals/7a04fe7a-e3a8-4a07-8c35-d0fec9f35569/?interval=5minute&span=day&bounds=24_7 HTTP/1.1" 200 None
2023-07-29 19:44:13,635 https://nummus.robinhood.com:443 "GET /currency_pairs/ HTTP/1.1" 200 62032
2023-07-29 19:44:13,723 https://api.robinhood.com:443 "GET /marketdata/forex/quotes/7a04fe7a-e3a8-4a07-8c35-d0fec9f35569/ HTTP/1.1" 200 450
2023-07-29 19:44:13,878 https://nummus.robinhood.com:443 "GET /currency_pairs/ HTTP/1.1" 200 62032
2023-07-29 19:44:14,137 https://nummus.robinhood.com:443 "GET /currency_pairs/ HTTP/1.1" 200 62032
2023-07-29 19:44:14,267 https://api.robinhood.com:443 "GET /marketdata/forex/historicals/2f2b77c4-e426-4271-ae49-18d5cb296d3a/?interval=5minute&span=day&bounds=24_7 HTTP/1.1" 200 None
2023-07-29 19:44:14,455 https://nummus.robinhood.com:443 "GET /currency_pairs/ HTTP/1.1" 200 62032
2023-07-29 19:44:14,549 https://api.robinhood.com:443 "GET /marketdata/forex/quotes/2f2b77c4-e426-4271-ae49-18d5cb296d3a/ HTTP/1.1" 200 439
2023-07-29 19:44:14,704 https://nummus.robinhood.com:443 "GET /currency_pairs/ HTTP/1.1" 200 62032
2023-07-29 19:44:14,892 https://nummus.robinhood.com:443 "GET /currency_pairs/ HTTP/1.1" 200 62032
2023-07-29 19:44:15,022 https://api.robinhood.com:443 "GET /marketdata/forex/historicals/022bb5c2-d394-4e1c-a8c0-5b16ce1eab8d/?interval=5minute&span=day&bounds=24_7 HTTP/1.1" 200 None
2023-07-29 19:44:15,211 https://nummus.robinhood.com:443 "GET /currency_pairs/ HTTP/1.1" 200 62032
2023-07-29 19:44:15,308 https://api.robinhood.com:443 "GET /marketdata/forex/quotes/022bb5c2-d394-4e1c-a8c0-5b16ce1eab8d/ HTTP/1.1" 200 433
2023-07-29 19:44:15,410 Calculating signals...
2023-07-29 19:44:15,415   Calculating signals for BTC...
2023-07-29 19:44:15,426   df date: 0      2023-07-29T00:40:00Z
1      2023-07-29T00:45:00Z
2      2023-07-29T00:50:00Z
3      2023-07-29T00:55:00Z
4      2023-07-29T01:00:00Z
               ...         
283    2023-07-30T00:15:00Z
284    2023-07-30T00:20:00Z
285    2023-07-30T00:25:00Z
286    2023-07-30T00:30:00Z
287    2023-07-30T00:35:00Z
Name: date, Length: 288, dtype: object
2023-07-29 19:44:15,426 casting df data to floats...
2023-07-29 19:44:15,462 current price: 29342.715, rsi: 45.75277943111297 --> buy signal increased by 1 to 2
2023-07-29 19:44:15,464   Calculating signals for ETH...
2023-07-29 19:44:15,470   df date: 0      2023-07-29T00:40:00Z
1      2023-07-29T00:45:00Z
2      2023-07-29T00:50:00Z
3      2023-07-29T00:55:00Z
4      2023-07-29T01:00:00Z
               ...         
283    2023-07-30T00:15:00Z
284    2023-07-30T00:20:00Z
285    2023-07-30T00:25:00Z
286    2023-07-30T00:30:00Z
287    2023-07-30T00:35:00Z
Name: date, Length: 288, dtype: object
2023-07-29 19:44:15,470 casting df data to floats...
2023-07-29 19:44:15,496 current price: 1879.585, rsi: 43.91409794040167 --> buy signal increased by 1 to 2
2023-07-29 19:44:15,498   Calculating signals for ADA...
2023-07-29 19:44:15,503   df date: 0      2023-07-29T00:40:00Z
1      2023-07-29T00:45:00Z
2      2023-07-29T00:50:00Z
3      2023-07-29T00:55:00Z
4      2023-07-29T01:00:00Z
               ...         
283    2023-07-30T00:15:00Z
284    2023-07-30T00:20:00Z
285    2023-07-30T00:25:00Z
286    2023-07-30T00:30:00Z
287    2023-07-30T00:35:00Z
Name: date, Length: 288, dtype: object
2023-07-29 19:44:15,503 casting df data to floats...
2023-07-29 19:44:15,529 current price: 0.3126, rsi: 50.25021123016099 --> sell signal increased by 1 to 1
2023-07-29 19:44:15,531   Calculating signals for DOG...
2023-07-29 19:44:15,536   df date: 0      2023-07-29T00:40:00Z
1      2023-07-29T00:45:00Z
2      2023-07-29T00:50:00Z
3      2023-07-29T00:55:00Z
4      2023-07-29T01:00:00Z
               ...         
283    2023-07-30T00:15:00Z
284    2023-07-30T00:20:00Z
285    2023-07-30T00:25:00Z
286    2023-07-30T00:30:00Z
287    2023-07-30T00:35:00Z
Name: date, Length: 288, dtype: object
2023-07-29 19:44:15,536 casting df data to floats...
2023-07-29 19:44:15,562 current price: 0.08002, rsi: 42.93222708761014 --> buy signal increased by 1 to 2
2023-07-29 19:44:15,564   Calculating signals for MAT...
2023-07-29 19:44:15,570   df date: 0      2023-07-29T00:40:00Z
1      2023-07-29T00:45:00Z
2      2023-07-29T00:50:00Z
3      2023-07-29T00:55:00Z
4      2023-07-29T01:00:00Z
               ...         
283    2023-07-30T00:15:00Z
284    2023-07-30T00:20:00Z
285    2023-07-30T00:25:00Z
286    2023-07-30T00:30:00Z
287    2023-07-30T00:35:00Z
Name: date, Length: 288, dtype: object
2023-07-29 19:44:15,570 casting df data to floats...
2023-07-29 19:44:15,596 current price: 0.7176, rsi: 43.593557419162195 --> buy signal increased by 1 to 2
2023-07-29 19:44:15,598   Calculating signals for SHI...
2023-07-29 19:44:15,604   df date: 0      2023-07-29T00:40:00Z
1      2023-07-29T00:45:00Z
2      2023-07-29T00:50:00Z
3      2023-07-29T00:55:00Z
4      2023-07-29T01:00:00Z
               ...         
283    2023-07-30T00:15:00Z
284    2023-07-30T00:20:00Z
285    2023-07-30T00:25:00Z
286    2023-07-30T00:30:00Z
287    2023-07-30T00:35:00Z
Name: date, Length: 288, dtype: object
2023-07-29 19:44:15,604 casting df data to floats...
2023-07-29 19:44:15,630 current price: 8.52e-06, rsi: 48.5199340705165 --> buy signal increased by 1 to 2
2023-07-29 19:44:15,632   Calculating signals for ETC...
2023-07-29 19:44:15,637   df date: 0      2023-07-29T00:40:00Z
1      2023-07-29T00:45:00Z
2      2023-07-29T00:50:00Z
3      2023-07-29T00:55:00Z
4      2023-07-29T01:00:00Z
               ...         
283    2023-07-30T00:15:00Z
284    2023-07-30T00:20:00Z
285    2023-07-30T00:25:00Z
286    2023-07-30T00:30:00Z
287    2023-07-30T00:35:00Z
Name: date, Length: 288, dtype: object
2023-07-29 19:44:15,637 casting df data to floats...
2023-07-29 19:44:15,663 current price: 18.577, rsi: 48.53710427476936 --> buy signal increased by 1 to 2
2023-07-29 19:44:15,665   Calculating signals for UNI...
2023-07-29 19:44:15,671   df date: 0      2023-07-29T00:40:00Z
1      2023-07-29T00:45:00Z
2      2023-07-29T00:50:00Z
3      2023-07-29T00:55:00Z
4      2023-07-29T01:00:00Z
               ...         
283    2023-07-30T00:15:00Z
284    2023-07-30T00:20:00Z
285    2023-07-30T00:25:00Z
286    2023-07-30T00:30:00Z
287    2023-07-30T00:35:00Z
Name: date, Length: 288, dtype: object
2023-07-29 19:44:15,671 casting df data to floats...
2023-07-29 19:44:15,698 current price: 6.3215, rsi: 48.978951928434945 --> buy signal increased by 1 to 2
2023-07-29 19:44:15,700   Calculating signals for AAV...
2023-07-29 19:44:15,705   df date: 0      2023-07-29T00:40:00Z
1      2023-07-29T00:45:00Z
2      2023-07-29T00:50:00Z
3      2023-07-29T00:55:00Z
4      2023-07-29T01:00:00Z
               ...         
283    2023-07-30T00:15:00Z
284    2023-07-30T00:20:00Z
285    2023-07-30T00:25:00Z
286    2023-07-30T00:30:00Z
287    2023-07-30T00:35:00Z
Name: date, Length: 288, dtype: object
2023-07-29 19:44:15,705 casting df data to floats...
2023-07-29 19:44:15,734   Calculating signals for LTC...
2023-07-29 19:44:15,739   df date: 0      2023-07-29T00:40:00Z
1      2023-07-29T00:45:00Z
2      2023-07-29T00:50:00Z
3      2023-07-29T00:55:00Z
4      2023-07-29T01:00:00Z
               ...         
283    2023-07-30T00:15:00Z
284    2023-07-30T00:20:00Z
285    2023-07-30T00:25:00Z
286    2023-07-30T00:30:00Z
287    2023-07-30T00:35:00Z
Name: date, Length: 288, dtype: object
2023-07-29 19:44:15,739 casting df data to floats...
2023-07-29 19:44:15,765 current price: 94.23, rsi: 56.57305706572627 --> buy signal increased by 1 to 2
2023-07-29 19:44:15,767   Calculating signals for LIN...
2023-07-29 19:44:15,773   df date: 0      2023-07-29T00:40:00Z
1      2023-07-29T00:45:00Z
2      2023-07-29T00:50:00Z
3      2023-07-29T00:55:00Z
4      2023-07-29T01:00:00Z
               ...         
283    2023-07-30T00:15:00Z
284    2023-07-30T00:20:00Z
285    2023-07-30T00:25:00Z
286    2023-07-30T00:30:00Z
287    2023-07-30T00:35:00Z
Name: date, Length: 288, dtype: object
2023-07-29 19:44:15,773 casting df data to floats...
2023-07-29 19:44:15,799 current price: 7.8185, rsi: 42.86079537780499 --> buy signal increased by 1 to 2
2023-07-29 19:44:15,801   Calculating signals for COM...
2023-07-29 19:44:15,806   df date: 0      2023-07-29T00:40:00Z
1      2023-07-29T00:45:00Z
2      2023-07-29T00:50:00Z
3      2023-07-29T00:55:00Z
4      2023-07-29T01:00:00Z
               ...         
283    2023-07-30T00:15:00Z
284    2023-07-30T00:20:00Z
285    2023-07-30T00:25:00Z
286    2023-07-30T00:30:00Z
287    2023-07-30T00:35:00Z
Name: date, Length: 288, dtype: object
2023-07-29 19:44:15,807 casting df data to floats...
2023-07-29 19:44:15,833 current price: 71.9192585, rsi: 44.21297836854221 --> sell signal increased by 1 to 2
2023-07-29 19:44:15,850   Calculating signals for USD...
2023-07-29 19:44:15,859   df date: 0      2023-07-29T00:40:00Z
1      2023-07-29T00:45:00Z
2      2023-07-29T00:50:00Z
3      2023-07-29T00:55:00Z
4      2023-07-29T01:00:00Z
               ...         
283    2023-07-30T00:15:00Z
284    2023-07-30T00:20:00Z
285    2023-07-30T00:25:00Z
286    2023-07-30T00:30:00Z
287    2023-07-30T00:35:00Z
Name: date, Length: 288, dtype: object
2023-07-29 19:44:15,859 casting df data to floats...
2023-07-29 19:44:15,889   Calculating signals for SOL...
2023-07-29 19:44:15,895   df date: 0      2023-07-29T00:40:00Z
1      2023-07-29T00:45:00Z
2      2023-07-29T00:50:00Z
3      2023-07-29T00:55:00Z
4      2023-07-29T01:00:00Z
               ...         
283    2023-07-30T00:15:00Z
284    2023-07-30T00:20:00Z
285    2023-07-30T00:25:00Z
286    2023-07-30T00:30:00Z
287    2023-07-30T00:35:00Z
Name: date, Length: 288, dtype: object
2023-07-29 19:44:15,895 casting df data to floats...
2023-07-29 19:44:15,922 current price: 25.13, rsi: 42.636153779952394 --> buy signal increased by 1 to 1
2023-07-29 19:44:15,925   Calculating signals for AVA...
2023-07-29 19:44:15,931   df date: 0      2023-07-29T00:40:00Z
1      2023-07-29T00:45:00Z
2      2023-07-29T00:50:00Z
3      2023-07-29T00:55:00Z
4      2023-07-29T01:00:00Z
               ...         
283    2023-07-30T00:15:00Z
284    2023-07-30T00:20:00Z
285    2023-07-30T00:25:00Z
286    2023-07-30T00:30:00Z
287    2023-07-30T00:35:00Z
Name: date, Length: 288, dtype: object
2023-07-29 19:44:15,932 casting df data to floats...
2023-07-29 19:44:15,960 current price: 13.2335, rsi: 50.77306071020678 --> sell signal increased by 1 to 1
2023-07-29 19:44:15,962   Calculating signals for XLM...
2023-07-29 19:44:15,969   df date: 0      2023-07-29T00:40:00Z
1      2023-07-29T00:45:00Z
2      2023-07-29T00:50:00Z
3      2023-07-29T00:55:00Z
4      2023-07-29T01:00:00Z
               ...         
283    2023-07-30T00:15:00Z
284    2023-07-30T00:20:00Z
285    2023-07-30T00:25:00Z
286    2023-07-30T00:30:00Z
287    2023-07-30T00:35:00Z
Name: date, Length: 288, dtype: object
2023-07-29 19:44:15,969 casting df data to floats...
2023-07-29 19:44:15,998 current price: 0.15816349, rsi: 42.61410606752553 --> buy signal increased by 1 to 1
2023-07-29 19:44:16,000   Calculating signals for BCH...
2023-07-29 19:44:16,006   df date: 0      2023-07-29T00:40:00Z
1      2023-07-29T00:45:00Z
2      2023-07-29T00:50:00Z
3      2023-07-29T00:55:00Z
4      2023-07-29T01:00:00Z
               ...         
283    2023-07-30T00:15:00Z
284    2023-07-30T00:20:00Z
285    2023-07-30T00:25:00Z
286    2023-07-30T00:30:00Z
287    2023-07-30T00:35:00Z
Name: date, Length: 288, dtype: object
2023-07-29 19:44:16,006 casting df data to floats...
2023-07-29 19:44:16,035 current price: 241.885, rsi: 55.14481704861179 --> sell signal increased by 1 to 1
2023-07-29 19:44:16,038   Calculating signals for XTZ...
2023-07-29 19:44:16,045   df date: 0      2023-07-29T00:40:00Z
1      2023-07-29T00:45:00Z
2      2023-07-29T00:50:00Z
3      2023-07-29T00:55:00Z
4      2023-07-29T01:00:00Z
               ...         
283    2023-07-30T00:15:00Z
284    2023-07-30T00:20:00Z
285    2023-07-30T00:25:00Z
286    2023-07-30T00:30:00Z
287    2023-07-30T00:35:00Z
Name: date, Length: 288, dtype: object
2023-07-29 19:44:16,045 casting df data to floats...
2023-07-29 19:44:16,071 current price: 0.83975, rsi: 43.55681900126983 --> buy signal increased by 1 to 2
2023-07-29 19:44:16,143 https://api.robinhood.com:443 "GET /accounts/ HTTP/1.1" 200 3019
2023-07-29 19:44:16,364 https://nummus.robinhood.com:443 "GET /currency_pairs/ HTTP/1.1" 200 62032
2023-07-29 19:44:16,458 https://api.robinhood.com:443 "GET /marketdata/forex/quotes/3d961844-d360-45fc-989b-f6fca761d511/ HTTP/1.1" 200 439
2023-07-29 19:44:16,543 https://api.robinhood.com:443 "GET /accounts/ HTTP/1.1" 200 3019
2023-07-29 19:44:16,695 https://nummus.robinhood.com:443 "GET /currency_pairs/ HTTP/1.1" 200 62032
2023-07-29 19:44:16,785 https://api.robinhood.com:443 "GET /marketdata/forex/quotes/76637d50-c702-4ed1-bcb5-5b0732a81f48/ HTTP/1.1" 200 458
2023-07-29 19:44:16,860 https://api.robinhood.com:443 "GET /accounts/ HTTP/1.1" 200 3019
2023-07-29 19:44:17,006 https://nummus.robinhood.com:443 "GET /currency_pairs/ HTTP/1.1" 200 62032
2023-07-29 19:44:17,099 https://api.robinhood.com:443 "GET /marketdata/forex/quotes/7b577ce3-489d-4269-9408-796a0d1abb3a/ HTTP/1.1" 200 421
2023-07-29 19:44:17,179 https://api.robinhood.com:443 "GET /accounts/ HTTP/1.1" 200 3019
2023-07-29 19:44:17,333 https://nummus.robinhood.com:443 "GET /currency_pairs/ HTTP/1.1" 200 62032
2023-07-29 19:44:17,428 https://api.robinhood.com:443 "GET /marketdata/forex/quotes/33316259-af8c-4f31-86a4-c5c07e12d625/ HTTP/1.1" 200 429
2023-07-29 19:44:19,592 https://nummus.robinhood.com:443 "GET /currency_pairs/ HTTP/1.1" 200 62032
2023-07-29 19:44:19,684 https://api.robinhood.com:443 "GET /marketdata/forex/quotes/33316259-af8c-4f31-86a4-c5c07e12d625/ HTTP/1.1" 200 426
2023-07-29 19:44:19,761 https://nummus.robinhood.com:443 "GET /accounts/ HTTP/1.1" 200 1299
2023-07-29 19:44:19,927 https://nummus.robinhood.com:443 "POST /orders/ HTTP/1.1" 400 148
2023-07-29 19:44:22,013 https://api.robinhood.com:443 "GET /accounts/ HTTP/1.1" 200 3019
2023-07-29 19:44:22,167 https://nummus.robinhood.com:443 "GET /currency_pairs/ HTTP/1.1" 200 62032
2023-07-29 19:44:22,260 https://api.robinhood.com:443 "GET /marketdata/forex/quotes/383280b1-ff53-43fc-9c84-f01afd0989cd/ HTTP/1.1" 200 445
2023-07-29 19:44:22,343 https://api.robinhood.com:443 "GET /accounts/ HTTP/1.1" 200 3019
2023-07-29 19:44:22,503 https://nummus.robinhood.com:443 "GET /currency_pairs/ HTTP/1.1" 200 62032
2023-07-29 19:44:22,598 https://api.robinhood.com:443 "GET /marketdata/forex/quotes/022bb5c2-d394-4e1c-a8c0-5b16ce1eab8d/ HTTP/1.1" 200 434
2023-07-29 19:44:24,764 https://nummus.robinhood.com:443 "GET /currency_pairs/ HTTP/1.1" 200 62032
2023-07-29 19:44:24,858 https://api.robinhood.com:443 "GET /marketdata/forex/quotes/022bb5c2-d394-4e1c-a8c0-5b16ce1eab8d/ HTTP/1.1" 200 434
2023-07-29 19:44:24,993 https://nummus.robinhood.com:443 "GET /accounts/ HTTP/1.1" 200 1299
2023-07-29 19:44:25,082 https://nummus.robinhood.com:443 "POST /orders/ HTTP/1.1" 400 97
